2018-04-13 00:55:40,661 [    MainProcess][discord.ga][ WARNING] Shard ID None has stopped responding to the gateway. Closing and restarting.
2018-04-13 01:12:52,025 [    MainProcess][websockets][ WARNING] Error in data transfer
Traceback (most recent call last):
  File "C:\Python36\lib\site-packages\websockets\protocol.py", line 496, in transfer_data
    msg = yield from self.read_message()
  File "C:\Python36\lib\site-packages\websockets\protocol.py", line 526, in read_message
    frame = yield from self.read_data_frame(max_size=self.max_size)
  File "C:\Python36\lib\site-packages\websockets\protocol.py", line 591, in read_data_frame
    frame = yield from self.read_frame(max_size)
  File "C:\Python36\lib\site-packages\websockets\protocol.py", line 632, in read_frame
    extensions=self.extensions,
  File "C:\Python36\lib\site-packages\websockets\framing.py", line 100, in read
    data = yield from reader(2)
  File "C:\Python36\lib\asyncio\streams.py", line 674, in readexactly
    yield from self._wait_for_data('readexactly')
  File "C:\Python36\lib\asyncio\streams.py", line 464, in _wait_for_data
    yield from self._waiter
  File "C:\Python36\lib\asyncio\selector_events.py", line 723, in _read_ready
    data = self._sock.recv(self.max_size)
ConnectionResetError: [WinError 10054] An existing connection was forcibly closed by the remote host
2018-04-13 01:13:11,984 [    MainProcess][discord.ga][ WARNING] Shard ID None has stopped responding to the gateway. Closing and restarting.
2018-04-13 01:15:53,668 [    MainProcess][websockets][ WARNING] Error in data transfer
Traceback (most recent call last):
  File "C:\Python36\lib\site-packages\websockets\protocol.py", line 496, in transfer_data
    msg = yield from self.read_message()
  File "C:\Python36\lib\site-packages\websockets\protocol.py", line 526, in read_message
    frame = yield from self.read_data_frame(max_size=self.max_size)
  File "C:\Python36\lib\site-packages\websockets\protocol.py", line 591, in read_data_frame
    frame = yield from self.read_frame(max_size)
  File "C:\Python36\lib\site-packages\websockets\protocol.py", line 632, in read_frame
    extensions=self.extensions,
  File "C:\Python36\lib\site-packages\websockets\framing.py", line 100, in read
    data = yield from reader(2)
  File "C:\Python36\lib\asyncio\streams.py", line 674, in readexactly
    yield from self._wait_for_data('readexactly')
  File "C:\Python36\lib\asyncio\streams.py", line 464, in _wait_for_data
    yield from self._waiter
  File "C:\Python36\lib\asyncio\selector_events.py", line 723, in _read_ready
    data = self._sock.recv(self.max_size)
ConnectionResetError: [WinError 10054] An existing connection was forcibly closed by the remote host
2018-04-13 01:16:34,569 [    MainProcess][websockets][ WARNING] Error in data transfer
Traceback (most recent call last):
  File "C:\Python36\lib\site-packages\websockets\protocol.py", line 496, in transfer_data
    msg = yield from self.read_message()
  File "C:\Python36\lib\site-packages\websockets\protocol.py", line 526, in read_message
    frame = yield from self.read_data_frame(max_size=self.max_size)
  File "C:\Python36\lib\site-packages\websockets\protocol.py", line 591, in read_data_frame
    frame = yield from self.read_frame(max_size)
  File "C:\Python36\lib\site-packages\websockets\protocol.py", line 632, in read_frame
    extensions=self.extensions,
  File "C:\Python36\lib\site-packages\websockets\framing.py", line 100, in read
    data = yield from reader(2)
  File "C:\Python36\lib\asyncio\streams.py", line 674, in readexactly
    yield from self._wait_for_data('readexactly')
  File "C:\Python36\lib\asyncio\streams.py", line 464, in _wait_for_data
    yield from self._waiter
  File "C:\Python36\lib\asyncio\selector_events.py", line 723, in _read_ready
    data = self._sock.recv(self.max_size)
ConnectionResetError: [WinError 10054] An existing connection was forcibly closed by the remote host
2018-04-13 01:16:58,784 [    MainProcess][websockets][ WARNING] Error in data transfer
Traceback (most recent call last):
  File "C:\Python36\lib\site-packages\websockets\protocol.py", line 496, in transfer_data
    msg = yield from self.read_message()
  File "C:\Python36\lib\site-packages\websockets\protocol.py", line 526, in read_message
    frame = yield from self.read_data_frame(max_size=self.max_size)
  File "C:\Python36\lib\site-packages\websockets\protocol.py", line 591, in read_data_frame
    frame = yield from self.read_frame(max_size)
  File "C:\Python36\lib\site-packages\websockets\protocol.py", line 632, in read_frame
    extensions=self.extensions,
  File "C:\Python36\lib\site-packages\websockets\framing.py", line 100, in read
    data = yield from reader(2)
  File "C:\Python36\lib\asyncio\streams.py", line 674, in readexactly
    yield from self._wait_for_data('readexactly')
  File "C:\Python36\lib\asyncio\streams.py", line 464, in _wait_for_data
    yield from self._waiter
  File "C:\Python36\lib\asyncio\selector_events.py", line 723, in _read_ready
    data = self._sock.recv(self.max_size)
ConnectionResetError: [WinError 10054] An existing connection was forcibly closed by the remote host
2018-04-13 01:17:10,399 [    MainProcess][discord.ga][ WARNING] Shard ID None has stopped responding to the gateway. Closing and restarting.
2018-04-13 01:17:15,814 [    MainProcess][discord.ga][ WARNING] Shard ID None has stopped responding to the gateway. Closing and restarting.
2018-04-13 01:17:16,076 [    MainProcess][websockets][ WARNING] Error in data transfer
Traceback (most recent call last):
  File "C:\Python36\lib\site-packages\websockets\protocol.py", line 496, in transfer_data
    msg = yield from self.read_message()
  File "C:\Python36\lib\site-packages\websockets\protocol.py", line 526, in read_message
    frame = yield from self.read_data_frame(max_size=self.max_size)
  File "C:\Python36\lib\site-packages\websockets\protocol.py", line 591, in read_data_frame
    frame = yield from self.read_frame(max_size)
  File "C:\Python36\lib\site-packages\websockets\protocol.py", line 632, in read_frame
    extensions=self.extensions,
  File "C:\Python36\lib\site-packages\websockets\framing.py", line 100, in read
    data = yield from reader(2)
  File "C:\Python36\lib\asyncio\streams.py", line 674, in readexactly
    yield from self._wait_for_data('readexactly')
  File "C:\Python36\lib\asyncio\streams.py", line 464, in _wait_for_data
    yield from self._waiter
  File "C:\Python36\lib\asyncio\selector_events.py", line 723, in _read_ready
    data = self._sock.recv(self.max_size)
ConnectionResetError: [WinError 10054] An existing connection was forcibly closed by the remote host
2018-04-13 01:17:57,325 [    MainProcess][discord.ga][ WARNING] Shard ID None has stopped responding to the gateway. Closing and restarting.
2018-04-13 01:17:57,686 [    MainProcess][discord.ga][ WARNING] Shard ID None has stopped responding to the gateway. Closing and restarting.
2018-04-13 01:40:41,191 [    MainProcess][websockets][ WARNING] Error in data transfer
Traceback (most recent call last):
  File "C:\Python36\lib\site-packages\websockets\protocol.py", line 496, in transfer_data
    msg = yield from self.read_message()
  File "C:\Python36\lib\site-packages\websockets\protocol.py", line 526, in read_message
    frame = yield from self.read_data_frame(max_size=self.max_size)
  File "C:\Python36\lib\site-packages\websockets\protocol.py", line 591, in read_data_frame
    frame = yield from self.read_frame(max_size)
  File "C:\Python36\lib\site-packages\websockets\protocol.py", line 632, in read_frame
    extensions=self.extensions,
  File "C:\Python36\lib\site-packages\websockets\framing.py", line 100, in read
    data = yield from reader(2)
  File "C:\Python36\lib\asyncio\streams.py", line 674, in readexactly
    yield from self._wait_for_data('readexactly')
  File "C:\Python36\lib\asyncio\streams.py", line 464, in _wait_for_data
    yield from self._waiter
  File "C:\Python36\lib\asyncio\selector_events.py", line 723, in _read_ready
    data = self._sock.recv(self.max_size)
ConnectionResetError: [WinError 10054] An existing connection was forcibly closed by the remote host
2018-04-13 01:40:43,340 [    MainProcess][websockets][ WARNING] Error in data transfer
Traceback (most recent call last):
  File "C:\Python36\lib\site-packages\websockets\protocol.py", line 496, in transfer_data
    msg = yield from self.read_message()
  File "C:\Python36\lib\site-packages\websockets\protocol.py", line 526, in read_message
    frame = yield from self.read_data_frame(max_size=self.max_size)
  File "C:\Python36\lib\site-packages\websockets\protocol.py", line 591, in read_data_frame
    frame = yield from self.read_frame(max_size)
  File "C:\Python36\lib\site-packages\websockets\protocol.py", line 632, in read_frame
    extensions=self.extensions,
  File "C:\Python36\lib\site-packages\websockets\framing.py", line 100, in read
    data = yield from reader(2)
  File "C:\Python36\lib\asyncio\streams.py", line 674, in readexactly
    yield from self._wait_for_data('readexactly')
  File "C:\Python36\lib\asyncio\streams.py", line 464, in _wait_for_data
    yield from self._waiter
  File "C:\Python36\lib\asyncio\selector_events.py", line 723, in _read_ready
    data = self._sock.recv(self.max_size)
ConnectionResetError: [WinError 10054] An existing connection was forcibly closed by the remote host
2018-04-13 01:41:44,359 [    MainProcess][discord.ga][ WARNING] Shard ID None has stopped responding to the gateway. Closing and restarting.
2018-04-13 01:42:01,646 [    MainProcess][discord.ga][ WARNING] Shard ID None has stopped responding to the gateway. Closing and restarting.
2018-04-13 01:45:32,277 [    MainProcess][discord.ga][ WARNING] Shard ID None has stopped responding to the gateway. Closing and restarting.
2018-04-13 05:26:55,057 [    MainProcess][websockets][ WARNING] Error in data transfer
Traceback (most recent call last):
  File "C:\Python36\lib\site-packages\websockets\protocol.py", line 496, in transfer_data
    msg = yield from self.read_message()
  File "C:\Python36\lib\site-packages\websockets\protocol.py", line 526, in read_message
    frame = yield from self.read_data_frame(max_size=self.max_size)
  File "C:\Python36\lib\site-packages\websockets\protocol.py", line 591, in read_data_frame
    frame = yield from self.read_frame(max_size)
  File "C:\Python36\lib\site-packages\websockets\protocol.py", line 632, in read_frame
    extensions=self.extensions,
  File "C:\Python36\lib\site-packages\websockets\framing.py", line 100, in read
    data = yield from reader(2)
  File "C:\Python36\lib\asyncio\streams.py", line 674, in readexactly
    yield from self._wait_for_data('readexactly')
  File "C:\Python36\lib\asyncio\streams.py", line 464, in _wait_for_data
    yield from self._waiter
  File "C:\Python36\lib\asyncio\selector_events.py", line 723, in _read_ready
    data = self._sock.recv(self.max_size)
ConnectionResetError: [WinError 10054] An existing connection was forcibly closed by the remote host
2018-04-13 05:27:17,259 [    MainProcess][websockets][ WARNING] Error in data transfer
Traceback (most recent call last):
  File "C:\Python36\lib\site-packages\websockets\protocol.py", line 496, in transfer_data
    msg = yield from self.read_message()
  File "C:\Python36\lib\site-packages\websockets\protocol.py", line 526, in read_message
    frame = yield from self.read_data_frame(max_size=self.max_size)
  File "C:\Python36\lib\site-packages\websockets\protocol.py", line 591, in read_data_frame
    frame = yield from self.read_frame(max_size)
  File "C:\Python36\lib\site-packages\websockets\protocol.py", line 632, in read_frame
    extensions=self.extensions,
  File "C:\Python36\lib\site-packages\websockets\framing.py", line 100, in read
    data = yield from reader(2)
  File "C:\Python36\lib\asyncio\streams.py", line 674, in readexactly
    yield from self._wait_for_data('readexactly')
  File "C:\Python36\lib\asyncio\streams.py", line 464, in _wait_for_data
    yield from self._waiter
  File "C:\Python36\lib\asyncio\selector_events.py", line 723, in _read_ready
    data = self._sock.recv(self.max_size)
ConnectionResetError: [WinError 10054] An existing connection was forcibly closed by the remote host
2018-04-13 05:27:25,093 [    MainProcess][websockets][ WARNING] Error in data transfer
Traceback (most recent call last):
  File "C:\Python36\lib\site-packages\websockets\protocol.py", line 496, in transfer_data
    msg = yield from self.read_message()
  File "C:\Python36\lib\site-packages\websockets\protocol.py", line 526, in read_message
    frame = yield from self.read_data_frame(max_size=self.max_size)
  File "C:\Python36\lib\site-packages\websockets\protocol.py", line 591, in read_data_frame
    frame = yield from self.read_frame(max_size)
  File "C:\Python36\lib\site-packages\websockets\protocol.py", line 632, in read_frame
    extensions=self.extensions,
  File "C:\Python36\lib\site-packages\websockets\framing.py", line 100, in read
    data = yield from reader(2)
  File "C:\Python36\lib\asyncio\streams.py", line 674, in readexactly
    yield from self._wait_for_data('readexactly')
  File "C:\Python36\lib\asyncio\streams.py", line 464, in _wait_for_data
    yield from self._waiter
  File "C:\Python36\lib\asyncio\selector_events.py", line 723, in _read_ready
    data = self._sock.recv(self.max_size)
ConnectionResetError: [WinError 10054] An existing connection was forcibly closed by the remote host
2018-04-13 05:27:42,798 [    MainProcess][discord.ga][ WARNING] Shard ID None has stopped responding to the gateway. Closing and restarting.
2018-04-13 05:28:19,146 [    MainProcess][discord.ga][ WARNING] Shard ID None has stopped responding to the gateway. Closing and restarting.
2018-04-13 05:28:39,892 [    MainProcess][discord.ga][ WARNING] Shard ID None has stopped responding to the gateway. Closing and restarting.
2018-04-13 05:31:52,996 [    MainProcess][websockets][ WARNING] Error in data transfer
Traceback (most recent call last):
  File "C:\Python36\lib\site-packages\websockets\protocol.py", line 496, in transfer_data
    msg = yield from self.read_message()
  File "C:\Python36\lib\site-packages\websockets\protocol.py", line 526, in read_message
    frame = yield from self.read_data_frame(max_size=self.max_size)
  File "C:\Python36\lib\site-packages\websockets\protocol.py", line 591, in read_data_frame
    frame = yield from self.read_frame(max_size)
  File "C:\Python36\lib\site-packages\websockets\protocol.py", line 632, in read_frame
    extensions=self.extensions,
  File "C:\Python36\lib\site-packages\websockets\framing.py", line 100, in read
    data = yield from reader(2)
  File "C:\Python36\lib\asyncio\streams.py", line 674, in readexactly
    yield from self._wait_for_data('readexactly')
  File "C:\Python36\lib\asyncio\streams.py", line 464, in _wait_for_data
    yield from self._waiter
  File "C:\Python36\lib\asyncio\selector_events.py", line 723, in _read_ready
    data = self._sock.recv(self.max_size)
ConnectionResetError: [WinError 10054] An existing connection was forcibly closed by the remote host
2018-04-13 05:32:25,258 [    MainProcess][websockets][ WARNING] Error in data transfer
Traceback (most recent call last):
  File "C:\Python36\lib\site-packages\websockets\protocol.py", line 496, in transfer_data
    msg = yield from self.read_message()
  File "C:\Python36\lib\site-packages\websockets\protocol.py", line 526, in read_message
    frame = yield from self.read_data_frame(max_size=self.max_size)
  File "C:\Python36\lib\site-packages\websockets\protocol.py", line 591, in read_data_frame
    frame = yield from self.read_frame(max_size)
  File "C:\Python36\lib\site-packages\websockets\protocol.py", line 632, in read_frame
    extensions=self.extensions,
  File "C:\Python36\lib\site-packages\websockets\framing.py", line 100, in read
    data = yield from reader(2)
  File "C:\Python36\lib\asyncio\streams.py", line 674, in readexactly
    yield from self._wait_for_data('readexactly')
  File "C:\Python36\lib\asyncio\streams.py", line 464, in _wait_for_data
    yield from self._waiter
  File "C:\Python36\lib\asyncio\selector_events.py", line 723, in _read_ready
    data = self._sock.recv(self.max_size)
ConnectionResetError: [WinError 10054] An existing connection was forcibly closed by the remote host
2018-04-13 05:32:55,266 [    MainProcess][discord.ga][ WARNING] Shard ID None has stopped responding to the gateway. Closing and restarting.
2018-04-13 05:33:06,513 [    MainProcess][discord.ga][ WARNING] Shard ID None has stopped responding to the gateway. Closing and restarting.
2018-04-13 05:33:06,631 [    MainProcess][websockets][ WARNING] Error in data transfer
Traceback (most recent call last):
  File "C:\Python36\lib\site-packages\websockets\protocol.py", line 496, in transfer_data
    msg = yield from self.read_message()
  File "C:\Python36\lib\site-packages\websockets\protocol.py", line 526, in read_message
    frame = yield from self.read_data_frame(max_size=self.max_size)
  File "C:\Python36\lib\site-packages\websockets\protocol.py", line 591, in read_data_frame
    frame = yield from self.read_frame(max_size)
  File "C:\Python36\lib\site-packages\websockets\protocol.py", line 632, in read_frame
    extensions=self.extensions,
  File "C:\Python36\lib\site-packages\websockets\framing.py", line 100, in read
    data = yield from reader(2)
  File "C:\Python36\lib\asyncio\streams.py", line 674, in readexactly
    yield from self._wait_for_data('readexactly')
  File "C:\Python36\lib\asyncio\streams.py", line 464, in _wait_for_data
    yield from self._waiter
  File "C:\Python36\lib\asyncio\selector_events.py", line 723, in _read_ready
    data = self._sock.recv(self.max_size)
ConnectionResetError: [WinError 10054] An existing connection was forcibly closed by the remote host
2018-04-13 05:33:28,285 [    MainProcess][websockets][ WARNING] Error in data transfer
Traceback (most recent call last):
  File "C:\Python36\lib\site-packages\websockets\protocol.py", line 496, in transfer_data
    msg = yield from self.read_message()
  File "C:\Python36\lib\site-packages\websockets\protocol.py", line 526, in read_message
    frame = yield from self.read_data_frame(max_size=self.max_size)
  File "C:\Python36\lib\site-packages\websockets\protocol.py", line 591, in read_data_frame
    frame = yield from self.read_frame(max_size)
  File "C:\Python36\lib\site-packages\websockets\protocol.py", line 632, in read_frame
    extensions=self.extensions,
  File "C:\Python36\lib\site-packages\websockets\framing.py", line 100, in read
    data = yield from reader(2)
  File "C:\Python36\lib\asyncio\streams.py", line 674, in readexactly
    yield from self._wait_for_data('readexactly')
  File "C:\Python36\lib\asyncio\streams.py", line 464, in _wait_for_data
    yield from self._waiter
  File "C:\Python36\lib\asyncio\selector_events.py", line 723, in _read_ready
    data = self._sock.recv(self.max_size)
ConnectionResetError: [WinError 10054] An existing connection was forcibly closed by the remote host
2018-04-13 05:33:47,887 [    MainProcess][discord.ga][ WARNING] Shard ID None has stopped responding to the gateway. Closing and restarting.
2018-04-13 05:34:38,243 [    MainProcess][discord.ga][ WARNING] Shard ID None has stopped responding to the gateway. Closing and restarting.
2018-04-13 07:45:50,351 [    MainProcess][discord.ga][ WARNING] Shard ID None has stopped responding to the gateway. Closing and restarting.
2018-04-13 08:10:09,807 [    MainProcess][discord.ga][ WARNING] Unknown event MESSAGE_ACK.
2018-04-13 08:10:20,253 [    MainProcess][discord.ga][ WARNING] Shard ID None has stopped responding to the gateway. Closing and restarting.
2018-04-13 08:10:21,074 [    MainProcess][       Spy][    INFO] CounterSniper was added to pokemon go explicit.
2018-04-13 08:13:20,994 [    MainProcess][discord.cl][   ERROR] Attempting a reconnect in 1.77s
Traceback (most recent call last):
  File "C:\Python36\lib\site-packages\discord\gateway.py", line 448, in poll_event
    msg = yield from self.recv()
  File "C:\Python36\lib\site-packages\websockets\protocol.py", line 323, in recv
    raise ConnectionClosed(self.close_code, self.close_reason)
websockets.exceptions.ConnectionClosed: WebSocket connection is closed: code = 1000 (OK), no reason

The above exception was the direct cause of the following exception:

Traceback (most recent call last):
  File "C:\Python36\lib\site-packages\discord\client.py", line 407, in connect
    yield from self._connect()
  File "C:\Python36\lib\site-packages\discord\client.py", line 369, in _connect
    yield from self.ws.poll_event()
  File "C:\Python36\lib\site-packages\discord\gateway.py", line 456, in poll_event
    raise ConnectionClosed(e, shard_id=self.shard_id) from e
discord.errors.ConnectionClosed: WebSocket connection is closed: code = 1000 (OK), no reason
2018-04-13 08:13:21,074 [    MainProcess][websockets][ WARNING] Error in data transfer
Traceback (most recent call last):
  File "C:\Python36\lib\site-packages\websockets\protocol.py", line 496, in transfer_data
    msg = yield from self.read_message()
  File "C:\Python36\lib\site-packages\websockets\protocol.py", line 526, in read_message
    frame = yield from self.read_data_frame(max_size=self.max_size)
  File "C:\Python36\lib\site-packages\websockets\protocol.py", line 591, in read_data_frame
    frame = yield from self.read_frame(max_size)
  File "C:\Python36\lib\site-packages\websockets\protocol.py", line 632, in read_frame
    extensions=self.extensions,
  File "C:\Python36\lib\site-packages\websockets\framing.py", line 100, in read
    data = yield from reader(2)
  File "C:\Python36\lib\asyncio\streams.py", line 663, in readexactly
    raise self._exception
  File "C:\Python36\lib\asyncio\selector_events.py", line 723, in _read_ready
    data = self._sock.recv(self.max_size)
ConnectionResetError: [WinError 10054] An existing connection was forcibly closed by the remote host
2018-04-13 08:13:27,447 [    MainProcess][    Hammer][    INFO] ----------- Hammer Bot is connected.
2018-04-13 08:13:40,031 [    MainProcess][       Spy][    INFO] ----------------------------------
2018-04-13 08:13:40,031 [    MainProcess][       Spy][    INFO] Connected! Ready to counter-snipe.
2018-04-13 08:13:40,031 [    MainProcess][       Spy][    INFO] User: Bob Lee Swagger#2626
2018-04-13 08:13:40,031 [    MainProcess][       Spy][    INFO] ID: 433821771360239617
2018-04-13 08:13:40,031 [    MainProcess][       Spy][    INFO] ----------------------------------
2018-04-13 08:13:40,032 [    MainProcess][       Spy][    INFO] PokeMurph Platinum
2018-04-13 08:13:40,225 [    MainProcess][       Spy][    INFO] PokéTrack
2018-04-13 08:13:40,500 [    MainProcess][       Spy][    INFO] Marketplace/ChargeBack/Fraud
2018-04-13 08:13:40,510 [    MainProcess][       Spy][    INFO] Hacking District - Your #1 source for all things video game cheating, hacking & botting.
2018-04-13 08:13:40,973 [    MainProcess][       Spy][    INFO] POGOCommunity
2018-04-13 08:13:40,991 [    MainProcess][       Spy][    INFO] PokéNoobs
2018-04-13 08:13:41,021 [    MainProcess][       Spy][    INFO] Pokedex100
2018-04-13 08:13:42,734 [    MainProcess][       Spy][    INFO] 💯IV Cʟʊɮ
2018-04-13 08:13:42,777 [    MainProcess][       Spy][    INFO] Global++ Tweaks
2018-04-13 08:13:44,262 [    MainProcess][       Spy][    INFO] Discord PokeSniper
2018-04-13 08:13:44,327 [    MainProcess][       Spy][    INFO] Pokopia
2018-04-13 08:13:44,402 [    MainProcess][       Spy][    INFO] PokeMobBot - a Pokémon Go Bot
2018-04-13 08:13:44,616 [    MainProcess][       Spy][    INFO] Articuno's Lair
2018-04-13 08:13:44,654 [    MainProcess][       Spy][    INFO] LoveGoIV100-Community
2018-04-13 08:13:44,685 [    MainProcess][       Spy][    INFO] NECROBOT2
2018-04-13 08:13:44,990 [    MainProcess][       Spy][    INFO] Pokesnipers
2018-04-13 08:13:47,045 [    MainProcess][       Spy][    INFO] PokeSnipers
2018-04-13 08:13:47,398 [    MainProcess][       Spy][    INFO] UnownBot
2018-04-13 08:13:47,622 [    MainProcess][       Spy][    INFO] PokeBot.Ninja
2018-04-13 08:13:48,107 [    MainProcess][       Spy][    INFO] RocketBot
2018-04-13 08:13:48,223 [    MainProcess][       Spy][    INFO] MrSnorlax Pokémon GO hub!!!
2018-04-13 08:13:48,225 [    MainProcess][       Spy][    INFO] PokeGO Marketplace
2018-04-13 08:13:48,241 [    MainProcess][       Spy][    INFO] PokeGoScout
2018-04-13 08:13:48,253 [    MainProcess][       Spy][    INFO] BPGM
2018-04-13 08:13:48,295 [    MainProcess][       Spy][    INFO] OuDaPoke.com
2018-04-13 08:13:48,385 [    MainProcess][       Spy][    INFO] PoGoMasters
2018-04-13 08:13:48,439 [    MainProcess][       Spy][    INFO] Account Manager
2018-04-13 08:13:48,450 [    MainProcess][       Spy][    INFO] UnownJay
2018-04-13 08:13:48,462 [    MainProcess][       Spy][    INFO] Hackemon
2018-04-13 08:13:48,562 [    MainProcess][       Spy][    INFO] The Trainer Central
2018-04-13 08:13:48,578 [    MainProcess][       Spy][    INFO] Pokémon Go Center
2018-04-13 08:13:48,611 [    MainProcess][       Spy][    INFO] ⭐ PokeXperience ⭐
2018-04-13 08:13:49,406 [    MainProcess][       Spy][    INFO] PoGo
2018-04-13 08:13:49,445 [    MainProcess][       Spy][    INFO] Sytharix - Pokemon Go
2018-04-13 08:13:49,553 [    MainProcess][       Spy][    INFO] 🌠Poké Go Club🌠
2018-04-13 08:13:49,671 [    MainProcess][       Spy][    INFO] PokeXen
2018-04-13 08:13:49,677 [    MainProcess][       Spy][    INFO] pokemon go explicit
2018-04-13 08:13:49,689 [    MainProcess][       Spy][    INFO] Catch 'Em All
2018-04-13 08:13:50,060 [    MainProcess][       Spy][    INFO] Global PoGo
2018-04-13 08:13:50,197 [    MainProcess][       Spy][    INFO] Go Raiders
2018-04-13 08:13:50,248 [    MainProcess][       Spy][    INFO] Pokémon Go✔
2018-04-13 08:13:50,632 [    MainProcess][       Spy][    INFO] Catchem PoGo Bot
2018-04-13 08:13:51,556 [    MainProcess][       Spy][    INFO] ----------- Spy bot finished setting up
2018-04-13 08:13:51,558 [    MainProcess][    Hammer][    INFO] Next punish check in 14465.44157 seconds
2018-04-13 08:13:51,558 [    MainProcess][    Hammer][    INFO] Finished punish check
2018-04-13 08:14:02,243 [    MainProcess][discord.ga][ WARNING] Shard ID None has stopped responding to the gateway. Closing and restarting.
2018-04-13 08:14:02,243 [    MainProcess][discord.ga][ WARNING] Shard ID None has stopped responding to the gateway. Closing and restarting.
2018-04-13 12:14:57,499 [    MainProcess][    Hammer][    INFO] Kicked AlexoftheNine#3514
2018-04-13 12:14:57,736 [    MainProcess][    Hammer][    INFO] Kicked NathanHale#4153
2018-04-13 12:14:57,763 [    MainProcess][    Hammer][    INFO] Finished punish check
2018-04-13 13:40:29,424 [    MainProcess][    Hammer][    INFO] Sent new invite http://discord.gg/UwrS9EE for Pokécord Official Server
2018-04-13 15:29:24,127 [    MainProcess][discord.ga][ WARNING] Shard ID None has stopped responding to the gateway. Closing and restarting.
2018-04-13 15:43:54,527 [    MainProcess][websockets][ WARNING] Error in data transfer
Traceback (most recent call last):
  File "C:\Python36\lib\site-packages\websockets\protocol.py", line 496, in transfer_data
    msg = yield from self.read_message()
  File "C:\Python36\lib\site-packages\websockets\protocol.py", line 526, in read_message
    frame = yield from self.read_data_frame(max_size=self.max_size)
  File "C:\Python36\lib\site-packages\websockets\protocol.py", line 591, in read_data_frame
    frame = yield from self.read_frame(max_size)
  File "C:\Python36\lib\site-packages\websockets\protocol.py", line 632, in read_frame
    extensions=self.extensions,
  File "C:\Python36\lib\site-packages\websockets\framing.py", line 100, in read
    data = yield from reader(2)
  File "C:\Python36\lib\asyncio\streams.py", line 674, in readexactly
    yield from self._wait_for_data('readexactly')
  File "C:\Python36\lib\asyncio\streams.py", line 464, in _wait_for_data
    yield from self._waiter
  File "C:\Python36\lib\asyncio\selector_events.py", line 723, in _read_ready
    data = self._sock.recv(self.max_size)
ConnectionResetError: [WinError 10054] An existing connection was forcibly closed by the remote host
2018-04-13 15:43:56,655 [    MainProcess][websockets][ WARNING] Error in data transfer
Traceback (most recent call last):
  File "C:\Python36\lib\site-packages\websockets\protocol.py", line 496, in transfer_data
    msg = yield from self.read_message()
  File "C:\Python36\lib\site-packages\websockets\protocol.py", line 526, in read_message
    frame = yield from self.read_data_frame(max_size=self.max_size)
  File "C:\Python36\lib\site-packages\websockets\protocol.py", line 591, in read_data_frame
    frame = yield from self.read_frame(max_size)
  File "C:\Python36\lib\site-packages\websockets\protocol.py", line 632, in read_frame
    extensions=self.extensions,
  File "C:\Python36\lib\site-packages\websockets\framing.py", line 100, in read
    data = yield from reader(2)
  File "C:\Python36\lib\asyncio\streams.py", line 674, in readexactly
    yield from self._wait_for_data('readexactly')
  File "C:\Python36\lib\asyncio\streams.py", line 464, in _wait_for_data
    yield from self._waiter
  File "C:\Python36\lib\asyncio\selector_events.py", line 723, in _read_ready
    data = self._sock.recv(self.max_size)
ConnectionResetError: [WinError 10054] An existing connection was forcibly closed by the remote host
2018-04-13 15:44:45,032 [    MainProcess][websockets][ WARNING] Error in data transfer
Traceback (most recent call last):
  File "C:\Python36\lib\site-packages\websockets\protocol.py", line 496, in transfer_data
    msg = yield from self.read_message()
  File "C:\Python36\lib\site-packages\websockets\protocol.py", line 526, in read_message
    frame = yield from self.read_data_frame(max_size=self.max_size)
  File "C:\Python36\lib\site-packages\websockets\protocol.py", line 591, in read_data_frame
    frame = yield from self.read_frame(max_size)
  File "C:\Python36\lib\site-packages\websockets\protocol.py", line 632, in read_frame
    extensions=self.extensions,
  File "C:\Python36\lib\site-packages\websockets\framing.py", line 100, in read
    data = yield from reader(2)
  File "C:\Python36\lib\asyncio\streams.py", line 674, in readexactly
    yield from self._wait_for_data('readexactly')
  File "C:\Python36\lib\asyncio\streams.py", line 464, in _wait_for_data
    yield from self._waiter
  File "C:\Python36\lib\asyncio\selector_events.py", line 723, in _read_ready
    data = self._sock.recv(self.max_size)
ConnectionResetError: [WinError 10054] An existing connection was forcibly closed by the remote host
2018-04-13 15:44:45,108 [    MainProcess][websockets][ WARNING] Error in data transfer
Traceback (most recent call last):
  File "C:\Python36\lib\site-packages\websockets\protocol.py", line 496, in transfer_data
    msg = yield from self.read_message()
  File "C:\Python36\lib\site-packages\websockets\protocol.py", line 526, in read_message
    frame = yield from self.read_data_frame(max_size=self.max_size)
  File "C:\Python36\lib\site-packages\websockets\protocol.py", line 591, in read_data_frame
    frame = yield from self.read_frame(max_size)
  File "C:\Python36\lib\site-packages\websockets\protocol.py", line 632, in read_frame
    extensions=self.extensions,
  File "C:\Python36\lib\site-packages\websockets\framing.py", line 100, in read
    data = yield from reader(2)
  File "C:\Python36\lib\asyncio\streams.py", line 674, in readexactly
    yield from self._wait_for_data('readexactly')
  File "C:\Python36\lib\asyncio\streams.py", line 464, in _wait_for_data
    yield from self._waiter
  File "C:\Python36\lib\asyncio\selector_events.py", line 723, in _read_ready
    data = self._sock.recv(self.max_size)
ConnectionResetError: [WinError 10054] An existing connection was forcibly closed by the remote host
2018-04-13 15:45:08,106 [    MainProcess][discord.ga][ WARNING] Shard ID None has stopped responding to the gateway. Closing and restarting.
2018-04-13 15:45:10,617 [    MainProcess][discord.ga][ WARNING] Shard ID None has stopped responding to the gateway. Closing and restarting.
2018-04-13 15:45:58,570 [    MainProcess][discord.ga][ WARNING] Shard ID None has stopped responding to the gateway. Closing and restarting.
2018-04-13 15:46:00,678 [    MainProcess][discord.ga][ WARNING] Shard ID None has stopped responding to the gateway. Closing and restarting.
2018-04-13 15:55:01,656 [    MainProcess][    Server][    INFO] CounterSniper is getting ready
2018-04-13 15:55:01,656 [    MainProcess][    Server][ WARNING] <CounterSniper.utils.LoggerWriter object at 0x00000000037C41D0>
2018-04-13 15:55:01,656 [    MainProcess][    Server][    INFO] <CounterSniper.utils.LoggerWriter object at 0x00000000037C41D0>
2018-04-13 15:55:01,656 [    MainProcess][    Server][ WARNING] Traceback (most recent call last):
2018-04-13 15:55:01,656 [    MainProcess][    Server][ WARNING]   File "C:/Users/dneal/Google Drive/Dropbox/TallyPokeMap/CounterSniper/counter_sniper.py", line 328, in <module>
2018-04-13 15:55:01,657 [    MainProcess][    Server][ WARNING] start_server()
2018-04-13 15:55:01,657 [    MainProcess][    Server][ WARNING]   File "C:/Users/dneal/Google Drive/Dropbox/TallyPokeMap/CounterSniper/counter_sniper.py", line 40, in start_server
2018-04-13 15:55:01,657 [    MainProcess][    Server][ WARNING] logging.getLogger("discord").setLevel(logging.error)
2018-04-13 15:55:01,657 [    MainProcess][    Server][ WARNING]   File "C:\Python36\lib\logging\__init__.py", line 1282, in setLevel
2018-04-13 15:55:01,751 [    MainProcess][    Server][ WARNING] self.level = _checkLevel(level)
2018-04-13 15:55:01,752 [    MainProcess][    Server][ WARNING]   File "C:\Python36\lib\logging\__init__.py", line 198, in _checkLevel
2018-04-13 15:55:01,752 [    MainProcess][    Server][ WARNING] raise TypeError("Level not an integer or a valid string: %r" % level)
2018-04-13 15:55:01,752 [    MainProcess][    Server][ WARNING] TypeError
2018-04-13 15:55:01,753 [    MainProcess][    Server][ WARNING] :
2018-04-13 15:55:01,753 [    MainProcess][    Server][ WARNING] Level not an integer or a valid string: <function error at 0x00000000029B79D8>
2018-04-13 15:55:01,754 [    MainProcess][    Server][ WARNING] <CounterSniper.utils.LoggerWriter object at 0x00000000037C41D0>
2018-04-13 15:55:01,754 [    MainProcess][    Server][    INFO] <CounterSniper.utils.LoggerWriter object at 0x00000000037C41D0>
2018-04-13 15:55:01,755 [    MainProcess][    Server][ WARNING] <CounterSniper.utils.LoggerWriter object at 0x00000000037C41D0>
2018-04-13 15:55:14,449 [    MainProcess][    Server][    INFO] CounterSniper is getting ready
2018-04-13 15:55:14,449 [    MainProcess][    Server][ WARNING] <CounterSniper.utils.LoggerWriter object at 0x00000000037C3278>
2018-04-13 15:55:14,449 [    MainProcess][    Server][    INFO] <CounterSniper.utils.LoggerWriter object at 0x00000000037C3278>
2018-04-13 15:55:14,449 [    MainProcess][    Server][ WARNING] Traceback (most recent call last):
2018-04-13 15:55:14,449 [    MainProcess][    Server][ WARNING]   File "C:/Users/dneal/Google Drive/Dropbox/TallyPokeMap/CounterSniper/counter_sniper.py", line 328, in <module>
2018-04-13 15:55:14,450 [    MainProcess][    Server][ WARNING] start_server()
2018-04-13 15:55:14,450 [    MainProcess][    Server][ WARNING]   File "C:/Users/dneal/Google Drive/Dropbox/TallyPokeMap/CounterSniper/counter_sniper.py", line 40, in start_server
2018-04-13 15:55:14,450 [    MainProcess][    Server][ WARNING] logging.getLogger("discord").setLevel(logging.error)
2018-04-13 15:55:14,450 [    MainProcess][    Server][ WARNING]   File "C:\Python36\lib\logging\__init__.py", line 1282, in setLevel
2018-04-13 15:55:14,451 [    MainProcess][    Server][ WARNING] self.level = _checkLevel(level)
2018-04-13 15:55:14,451 [    MainProcess][    Server][ WARNING]   File "C:\Python36\lib\logging\__init__.py", line 198, in _checkLevel
2018-04-13 15:55:14,451 [    MainProcess][    Server][ WARNING] raise TypeError("Level not an integer or a valid string: %r" % level)
2018-04-13 15:55:14,451 [    MainProcess][    Server][ WARNING] TypeError
2018-04-13 15:55:14,451 [    MainProcess][    Server][ WARNING] :
2018-04-13 15:55:14,451 [    MainProcess][    Server][ WARNING] Level not an integer or a valid string: <function error at 0x00000000029D79D8>
2018-04-13 15:55:14,452 [    MainProcess][    Server][ WARNING] <CounterSniper.utils.LoggerWriter object at 0x00000000037C3278>
2018-04-13 15:55:14,452 [    MainProcess][    Server][    INFO] <CounterSniper.utils.LoggerWriter object at 0x00000000037C3278>
2018-04-13 15:55:14,452 [    MainProcess][    Server][ WARNING] <CounterSniper.utils.LoggerWriter object at 0x00000000037C3278>
2018-04-13 15:56:20,687 [    MainProcess][    Server][    INFO] CounterSniper is getting ready
2018-04-13 15:56:20,693 [    MainProcess][    Server][    INFO] Geofence Bradfordville added.
2018-04-13 15:56:20,693 [    MainProcess][    Server][    INFO] Geofence Killearn added.
2018-04-13 15:56:20,693 [    MainProcess][    Server][    INFO] Geofence North Tallahassee added.
2018-04-13 15:56:20,694 [    MainProcess][    Server][    INFO] Geofence Northwest Tallahassee added.
2018-04-13 15:56:20,694 [    MainProcess][    Server][    INFO] Geofence Buck Lake added.
2018-04-13 15:56:20,694 [    MainProcess][    Server][    INFO] Geofence Southwood added.
2018-04-13 15:56:20,695 [    MainProcess][    Server][    INFO] Geofence Central Tallahassee added.
2018-04-13 15:56:20,695 [    MainProcess][    Server][    INFO] Geofence Betton Hills added.
2018-04-13 15:56:20,695 [    MainProcess][    Server][    INFO] Geofence Hartsfield added.
2018-04-13 15:56:20,696 [    MainProcess][    Server][    INFO] Geofence Lake Bradford added.
2018-04-13 15:56:20,696 [    MainProcess][    Server][    INFO] Geofence Governor's Square added.
2018-04-13 15:56:20,696 [    MainProcess][    Server][    INFO] Geofence West Tallahassee added.
2018-04-13 15:56:20,697 [    MainProcess][    Server][    INFO] Geofence South Tallahassee added!
2018-04-13 15:56:21,332 [    MainProcess][    Server][    INFO] Starting the Hammer bot
2018-04-13 15:56:21,615 [    MainProcess][    Server][    INFO] Starting the Spy bot
2018-04-13 15:56:26,272 [    MainProcess][    Hammer][    INFO] ----------- Hammer Bot is connected.
2018-04-13 15:56:40,988 [    MainProcess][       Spy][    INFO] ----------------------------------
2018-04-13 15:56:40,988 [    MainProcess][       Spy][    INFO] Connected! Ready to counter-snipe.
2018-04-13 15:56:40,988 [    MainProcess][       Spy][    INFO] User: Bob Lee Swagger#2626
2018-04-13 15:56:40,988 [    MainProcess][       Spy][    INFO] ID: 433821771360239617
2018-04-13 15:56:40,988 [    MainProcess][       Spy][    INFO] ----------------------------------
2018-04-13 15:56:40,989 [    MainProcess][       Spy][    INFO] PokeMurph Platinum
2018-04-13 15:56:41,011 [    MainProcess][       Spy][    INFO] PokéTrack
2018-04-13 15:56:41,323 [    MainProcess][       Spy][    INFO] Marketplace/ChargeBack/Fraud
2018-04-13 15:56:41,329 [    MainProcess][       Spy][    INFO] Hacking District - Your #1 source for all things video game cheating, hacking & botting.
2018-04-13 15:56:41,610 [    MainProcess][       Spy][    INFO] POGOCommunity
2018-04-13 15:56:41,623 [    MainProcess][       Spy][    INFO] PokéNoobs
2018-04-13 15:56:41,641 [    MainProcess][       Spy][    INFO] Pokedex100
2018-04-13 15:56:43,389 [    MainProcess][       Spy][    INFO] 💯IV Cʟʊɮ
2018-04-13 15:56:43,446 [    MainProcess][       Spy][    INFO] Global++ Tweaks
2018-04-13 15:56:45,556 [    MainProcess][       Spy][    INFO] Discord PokeSniper
2018-04-13 15:56:45,654 [    MainProcess][       Spy][    INFO] Pokopia
2018-04-13 15:56:45,765 [    MainProcess][       Spy][    INFO] PokeMobBot - a Pokémon Go Bot
2018-04-13 15:56:46,016 [    MainProcess][       Spy][    INFO] Articuno's Lair
2018-04-13 15:56:46,075 [    MainProcess][       Spy][    INFO] LoveGoIV100-Community
2018-04-13 15:56:46,121 [    MainProcess][       Spy][    INFO] NECROBOT2
2018-04-13 15:56:46,567 [    MainProcess][       Spy][    INFO] Pokesnipers
2018-04-13 15:56:49,828 [    MainProcess][       Spy][    INFO] PokeSnipers
2018-04-13 15:56:50,421 [    MainProcess][       Spy][    INFO] UnownBot
2018-04-13 15:56:50,791 [    MainProcess][       Spy][    INFO] PokeBot.Ninja
2018-04-13 15:56:51,601 [    MainProcess][       Spy][    INFO] RocketBot
2018-04-13 15:56:51,762 [    MainProcess][       Spy][    INFO] MrSnorlax Pokémon GO hub!!!
2018-04-13 15:56:51,766 [    MainProcess][       Spy][    INFO] PokeGO Marketplace
2018-04-13 15:56:51,793 [    MainProcess][       Spy][    INFO] PokeGoScout
2018-04-13 15:56:51,813 [    MainProcess][       Spy][    INFO] BPGM
2018-04-13 15:56:51,887 [    MainProcess][       Spy][    INFO] OuDaPoke.com
2018-04-13 15:56:52,039 [    MainProcess][       Spy][    INFO] PoGoMasters
2018-04-13 15:56:52,127 [    MainProcess][       Spy][    INFO] Account Manager
2018-04-13 15:56:52,147 [    MainProcess][       Spy][    INFO] UnownJay
2018-04-13 15:56:52,166 [    MainProcess][       Spy][    INFO] Hackemon
2018-04-13 15:56:52,332 [    MainProcess][       Spy][    INFO] The Trainer Central
2018-04-13 15:56:52,359 [    MainProcess][       Spy][    INFO] Pokémon Go Center
2018-04-13 15:56:52,415 [    MainProcess][       Spy][    INFO] ⭐ PokeXperience ⭐
2018-04-13 15:56:53,765 [    MainProcess][       Spy][    INFO] PoGo
2018-04-13 15:56:53,829 [    MainProcess][       Spy][    INFO] Sytharix - Pokemon Go
2018-04-13 15:56:53,990 [    MainProcess][       Spy][    INFO] 🌠Poké Go Club🌠
2018-04-13 15:56:54,185 [    MainProcess][       Spy][    INFO] PokeXen
2018-04-13 15:56:54,196 [    MainProcess][       Spy][    INFO] pokemon go explicit
2018-04-13 15:56:54,217 [    MainProcess][       Spy][    INFO] Catch 'Em All
2018-04-13 15:56:54,849 [    MainProcess][       Spy][    INFO] Global PoGo
2018-04-13 15:56:55,079 [    MainProcess][       Spy][    INFO] Go Raiders
2018-04-13 15:56:55,162 [    MainProcess][       Spy][    INFO] Pokémon Go✔
2018-04-13 15:56:55,813 [    MainProcess][       Spy][    INFO] Catchem PoGo Bot
2018-04-13 15:57:01,130 [    MainProcess][       Spy][    INFO] AlexoftheNine#3514 has left the building.
2018-04-13 15:57:01,290 [    MainProcess][       Spy][    INFO] NathanHale#4153 has left the building.
2018-04-13 15:57:01,498 [    MainProcess][       Spy][    INFO] ----------- Spy bot finished setting up
2018-04-13 15:57:01,503 [    MainProcess][    Hammer][    INFO] Finished punish check
2018-04-13 16:05:54,774 [    MainProcess][websockets][ WARNING] Error in data transfer
Traceback (most recent call last):
  File "C:\Python36\lib\site-packages\websockets\protocol.py", line 496, in transfer_data
    msg = yield from self.read_message()
  File "C:\Python36\lib\site-packages\websockets\protocol.py", line 526, in read_message
    frame = yield from self.read_data_frame(max_size=self.max_size)
  File "C:\Python36\lib\site-packages\websockets\protocol.py", line 591, in read_data_frame
    frame = yield from self.read_frame(max_size)
  File "C:\Python36\lib\site-packages\websockets\protocol.py", line 632, in read_frame
    extensions=self.extensions,
  File "C:\Python36\lib\site-packages\websockets\framing.py", line 100, in read
    data = yield from reader(2)
  File "C:\Python36\lib\asyncio\streams.py", line 674, in readexactly
    yield from self._wait_for_data('readexactly')
  File "C:\Python36\lib\asyncio\streams.py", line 464, in _wait_for_data
    yield from self._waiter
  File "C:\Python36\lib\asyncio\selector_events.py", line 723, in _read_ready
    data = self._sock.recv(self.max_size)
ConnectionResetError: [WinError 10054] An existing connection was forcibly closed by the remote host
2018-04-13 16:05:54,977 [    MainProcess][websockets][ WARNING] Error in data transfer
Traceback (most recent call last):
  File "C:\Python36\lib\site-packages\websockets\protocol.py", line 496, in transfer_data
    msg = yield from self.read_message()
  File "C:\Python36\lib\site-packages\websockets\protocol.py", line 526, in read_message
    frame = yield from self.read_data_frame(max_size=self.max_size)
  File "C:\Python36\lib\site-packages\websockets\protocol.py", line 591, in read_data_frame
    frame = yield from self.read_frame(max_size)
  File "C:\Python36\lib\site-packages\websockets\protocol.py", line 632, in read_frame
    extensions=self.extensions,
  File "C:\Python36\lib\site-packages\websockets\framing.py", line 100, in read
    data = yield from reader(2)
  File "C:\Python36\lib\asyncio\streams.py", line 674, in readexactly
    yield from self._wait_for_data('readexactly')
  File "C:\Python36\lib\asyncio\streams.py", line 464, in _wait_for_data
    yield from self._waiter
  File "C:\Python36\lib\asyncio\selector_events.py", line 723, in _read_ready
    data = self._sock.recv(self.max_size)
ConnectionResetError: [WinError 10054] An existing connection was forcibly closed by the remote host
2018-04-13 16:31:17,196 [    MainProcess][    Server][    INFO] CounterSniper is getting ready
2018-04-13 16:31:17,201 [    MainProcess][    Server][    INFO] Geofence Bradfordville added.
2018-04-13 16:31:17,202 [    MainProcess][    Server][    INFO] Geofence Killearn added.
2018-04-13 16:31:17,202 [    MainProcess][    Server][    INFO] Geofence North Tallahassee added.
2018-04-13 16:31:17,202 [    MainProcess][    Server][    INFO] Geofence Northwest Tallahassee added.
2018-04-13 16:31:17,203 [    MainProcess][    Server][    INFO] Geofence Buck Lake added.
2018-04-13 16:31:17,203 [    MainProcess][    Server][    INFO] Geofence Southwood added.
2018-04-13 16:31:17,203 [    MainProcess][    Server][    INFO] Geofence Central Tallahassee added.
2018-04-13 16:31:17,204 [    MainProcess][    Server][    INFO] Geofence Betton Hills added.
2018-04-13 16:31:17,204 [    MainProcess][    Server][    INFO] Geofence Hartsfield added.
2018-04-13 16:31:17,204 [    MainProcess][    Server][    INFO] Geofence Lake Bradford added.
2018-04-13 16:31:17,205 [    MainProcess][    Server][    INFO] Geofence Governor's Square added.
2018-04-13 16:31:17,205 [    MainProcess][    Server][    INFO] Geofence West Tallahassee added.
2018-04-13 16:31:17,205 [    MainProcess][    Server][    INFO] Geofence South Tallahassee added!
2018-04-13 16:31:17,664 [    MainProcess][    Server][    INFO] Starting the Hammer bot
2018-04-13 16:31:17,924 [    MainProcess][    Server][    INFO] Starting the Spy bot
2018-04-13 16:31:22,934 [    MainProcess][    Hammer][    INFO] ----------- Hammer Bot is connected.
2018-04-13 16:31:36,894 [    MainProcess][       Spy][    INFO] ----------------------------------
2018-04-13 16:31:36,894 [    MainProcess][       Spy][    INFO] Connected! Ready to counter-snipe.
2018-04-13 16:31:36,894 [    MainProcess][       Spy][    INFO] User: Bob Lee Swagger#2626
2018-04-13 16:31:36,894 [    MainProcess][       Spy][    INFO] ID: 433821771360239617
2018-04-13 16:31:36,894 [    MainProcess][       Spy][    INFO] ----------------------------------
2018-04-13 16:31:36,894 [    MainProcess][       Spy][    INFO] PokeMurph Platinum
2018-04-13 16:31:36,917 [    MainProcess][       Spy][    INFO] PokéTrack
2018-04-13 16:31:37,194 [    MainProcess][       Spy][    INFO] Marketplace/ChargeBack/Fraud
2018-04-13 16:31:37,199 [    MainProcess][       Spy][    INFO] Hacking District - Your #1 source for all things video game cheating, hacking & botting.
2018-04-13 16:31:37,489 [    MainProcess][       Spy][    INFO] POGOCommunity
2018-04-13 16:31:37,503 [    MainProcess][       Spy][    INFO] PokéNoobs
2018-04-13 16:31:37,524 [    MainProcess][       Spy][    INFO] Pokedex100
2018-04-13 16:31:39,344 [    MainProcess][       Spy][    INFO] 💯IV Cʟʊɮ
2018-04-13 16:31:39,404 [    MainProcess][       Spy][    INFO] Global++ Tweaks
2018-04-13 16:31:41,578 [    MainProcess][       Spy][    INFO] Discord PokeSniper
2018-04-13 16:31:41,673 [    MainProcess][       Spy][    INFO] Pokopia
2018-04-13 16:31:41,784 [    MainProcess][       Spy][    INFO] PokeMobBot - a Pokémon Go Bot
2018-04-13 16:31:42,036 [    MainProcess][       Spy][    INFO] Articuno's Lair
2018-04-13 16:31:42,098 [    MainProcess][       Spy][    INFO] LoveGoIV100-Community
2018-04-13 16:31:42,146 [    MainProcess][       Spy][    INFO] NECROBOT2
2018-04-13 16:31:42,593 [    MainProcess][       Spy][    INFO] Pokesnipers
2018-04-13 16:31:45,906 [    MainProcess][       Spy][    INFO] PokeSnipers
2018-04-13 16:31:46,441 [    MainProcess][       Spy][    INFO] UnownBot
2018-04-13 16:31:46,803 [    MainProcess][       Spy][    INFO] PokeBot.Ninja
2018-04-13 16:31:47,619 [    MainProcess][       Spy][    INFO] RocketBot
2018-04-13 16:31:47,779 [    MainProcess][       Spy][    INFO] MrSnorlax Pokémon GO hub!!!
2018-04-13 16:31:47,783 [    MainProcess][       Spy][    INFO] PokeGO Marketplace
2018-04-13 16:31:47,809 [    MainProcess][       Spy][    INFO] PokeGoScout
2018-04-13 16:31:47,830 [    MainProcess][       Spy][    INFO] BPGM
2018-04-13 16:31:47,902 [    MainProcess][       Spy][    INFO] OuDaPoke.com
2018-04-13 16:31:48,045 [    MainProcess][       Spy][    INFO] PoGoMasters
2018-04-13 16:31:48,134 [    MainProcess][       Spy][    INFO] Account Manager
2018-04-13 16:31:48,154 [    MainProcess][       Spy][    INFO] UnownJay
2018-04-13 16:31:48,173 [    MainProcess][       Spy][    INFO] Hackemon
2018-04-13 16:31:48,335 [    MainProcess][       Spy][    INFO] The Trainer Central
2018-04-13 16:31:48,360 [    MainProcess][       Spy][    INFO] Pokémon Go Center
2018-04-13 16:31:48,415 [    MainProcess][       Spy][    INFO] ⭐ PokeXperience ⭐
2018-04-13 16:31:49,748 [    MainProcess][       Spy][    INFO] PoGo
2018-04-13 16:31:49,811 [    MainProcess][       Spy][    INFO] Sytharix - Pokemon Go
2018-04-13 16:31:49,963 [    MainProcess][       Spy][    INFO] 🌠Poké Go Club🌠
2018-04-13 16:31:50,161 [    MainProcess][       Spy][    INFO] PokeXen
2018-04-13 16:31:50,172 [    MainProcess][       Spy][    INFO] pokemon go explicit
2018-04-13 16:31:50,194 [    MainProcess][       Spy][    INFO] Catch 'Em All
2018-04-13 16:31:50,832 [    MainProcess][       Spy][    INFO] Global PoGo
2018-04-13 16:31:51,063 [    MainProcess][       Spy][    INFO] Go Raiders
2018-04-13 16:31:51,147 [    MainProcess][       Spy][    INFO] Pokémon Go✔
2018-04-13 16:31:51,786 [    MainProcess][       Spy][    INFO] Catchem PoGo Bot
2018-04-13 16:31:56,299 [    MainProcess][       Spy][    INFO] ----------- Spy bot finished setting up
2018-04-13 16:31:56,305 [    MainProcess][    Hammer][    INFO] Finished punish check
2018-04-13 16:34:18,187 [    MainProcess][    Hammer][    INFO] ----------- Hammer Bot is connected.
2018-04-13 17:03:08,815 [    MainProcess][       Spy][    INFO] TallyPokeMap#7162 joined Global++ Tweaks.
2018-04-13 17:03:08,962 [    MainProcess][    Hammer][    INFO] Next punish check in 900.0 seconds
2018-04-13 17:03:09,111 [    MainProcess][   asyncio][   ERROR] Task exception was never retrieved
future: <Task finished coro=<Hammer.webhook() done, defined at C:\Users\dneal\Google Drive\Dropbox\TallyPokeMap\CounterSniper\CounterSniper\Hammer.py:72> exception=Forbidden('FORBIDDEN (status code: 403): Cannot send messages to this user',)>
Traceback (most recent call last):
  File "C:\Users\dneal\Google Drive\Dropbox\TallyPokeMap\CounterSniper\CounterSniper\Hammer.py", line 124, in webhook
    await member.send(payload['content'])
  File "C:\Python36\lib\site-packages\discord\abc.py", line 764, in send
    data = yield from state.http.send_message(channel.id, content, tts=tts, embed=embed, nonce=nonce)
  File "C:\Python36\lib\site-packages\discord\http.py", line 212, in request
    raise Forbidden(r, data)
discord.errors.Forbidden: FORBIDDEN (status code: 403): Cannot send messages to this user
2018-04-13 17:03:24,387 [    MainProcess][       Spy][    INFO] TallyPokeMap#7162 left Global++ Tweaks.
2018-04-13 17:04:09,238 [    MainProcess][       Spy][    INFO] TallyPokeMap#7162 joined Global++ Tweaks.
2018-04-13 17:05:09,272 [    MainProcess][       Spy][    INFO] TallyPokeMap#7162 is in a blacklisted server.
2018-04-13 17:10:09,619 [    MainProcess][    Server][    INFO] CounterSniper is getting ready
2018-04-13 17:10:09,627 [    MainProcess][    Server][    INFO] Geofence Bradfordville added.
2018-04-13 17:10:09,628 [    MainProcess][    Server][    INFO] Geofence Killearn added.
2018-04-13 17:10:09,629 [    MainProcess][    Server][    INFO] Geofence North Tallahassee added.
2018-04-13 17:10:09,629 [    MainProcess][    Server][    INFO] Geofence Northwest Tallahassee added.
2018-04-13 17:10:09,630 [    MainProcess][    Server][    INFO] Geofence Buck Lake added.
2018-04-13 17:10:09,631 [    MainProcess][    Server][    INFO] Geofence Southwood added.
2018-04-13 17:10:09,631 [    MainProcess][    Server][    INFO] Geofence Central Tallahassee added.
2018-04-13 17:10:09,632 [    MainProcess][    Server][    INFO] Geofence Betton Hills added.
2018-04-13 17:10:09,632 [    MainProcess][    Server][    INFO] Geofence Hartsfield added.
2018-04-13 17:10:09,633 [    MainProcess][    Server][    INFO] Geofence Lake Bradford added.
2018-04-13 17:10:09,633 [    MainProcess][    Server][    INFO] Geofence Governor's Square added.
2018-04-13 17:10:09,634 [    MainProcess][    Server][    INFO] Geofence West Tallahassee added.
2018-04-13 17:10:09,634 [    MainProcess][    Server][    INFO] Geofence South Tallahassee added!
2018-04-13 17:10:10,375 [    MainProcess][    Server][    INFO] Starting the Hammer bot
2018-04-13 17:10:10,672 [    MainProcess][    Server][    INFO] Starting the Spy bot
2018-04-13 17:10:15,324 [    MainProcess][    Hammer][    INFO] ----------- Hammer Bot is connected.
2018-04-13 17:10:31,104 [    MainProcess][       Spy][    INFO] ----------------------------------
2018-04-13 17:10:31,104 [    MainProcess][       Spy][    INFO] Connected! Ready to counter-snipe.
2018-04-13 17:10:31,104 [    MainProcess][       Spy][    INFO] User: Bob Lee Swagger#2626
2018-04-13 17:10:31,104 [    MainProcess][       Spy][    INFO] ID: 433821771360239617
2018-04-13 17:10:31,104 [    MainProcess][       Spy][    INFO] ----------------------------------
2018-04-13 17:10:31,104 [    MainProcess][       Spy][    INFO] PokeMurph Platinum
2018-04-13 17:10:31,127 [    MainProcess][       Spy][    INFO] PokéTrack
2018-04-13 17:10:31,434 [    MainProcess][       Spy][    INFO] Marketplace/ChargeBack/Fraud
2018-04-13 17:10:31,441 [    MainProcess][       Spy][    INFO] Hacking District - Your #1 source for all things video game cheating, hacking & botting.
2018-04-13 17:10:31,741 [    MainProcess][       Spy][    INFO] POGOCommunity
2018-04-13 17:10:31,755 [    MainProcess][       Spy][    INFO] PokéNoobs
2018-04-13 17:10:31,773 [    MainProcess][       Spy][    INFO] Pokedex100
2018-04-13 17:10:33,583 [    MainProcess][       Spy][    INFO] 💯IV Cʟʊɮ
2018-04-13 17:10:33,643 [    MainProcess][       Spy][    INFO] Global++ Tweaks
2018-04-13 17:10:35,813 [    MainProcess][       Spy][    INFO] Discord PokeSniper
2018-04-13 17:10:35,912 [    MainProcess][       Spy][    INFO] Pokopia
2018-04-13 17:10:36,023 [    MainProcess][       Spy][    INFO] PokeMobBot - a Pokémon Go Bot
2018-04-13 17:10:36,280 [    MainProcess][       Spy][    INFO] Articuno's Lair
2018-04-13 17:10:36,340 [    MainProcess][       Spy][    INFO] LoveGoIV100-Community
2018-04-13 17:10:36,387 [    MainProcess][       Spy][    INFO] NECROBOT2
2018-04-13 17:10:36,835 [    MainProcess][       Spy][    INFO] Pokesnipers
2018-04-13 17:10:40,101 [    MainProcess][       Spy][    INFO] PokeSnipers
2018-04-13 17:10:40,629 [    MainProcess][       Spy][    INFO] UnownBot
2018-04-13 17:10:40,992 [    MainProcess][       Spy][    INFO] PokeBot.Ninja
2018-04-13 17:10:41,799 [    MainProcess][       Spy][    INFO] RocketBot
2018-04-13 17:10:41,960 [    MainProcess][       Spy][    INFO] MrSnorlax Pokémon GO hub!!!
2018-04-13 17:10:41,964 [    MainProcess][       Spy][    INFO] PokeGO Marketplace
2018-04-13 17:10:41,990 [    MainProcess][       Spy][    INFO] PokeGoScout
2018-04-13 17:10:42,010 [    MainProcess][       Spy][    INFO] BPGM
2018-04-13 17:10:42,081 [    MainProcess][       Spy][    INFO] OuDaPoke.com
2018-04-13 17:10:42,225 [    MainProcess][       Spy][    INFO] PoGoMasters
2018-04-13 17:10:42,312 [    MainProcess][       Spy][    INFO] Account Manager
2018-04-13 17:10:42,331 [    MainProcess][       Spy][    INFO] UnownJay
2018-04-13 17:10:42,350 [    MainProcess][       Spy][    INFO] Hackemon
2018-04-13 17:10:42,507 [    MainProcess][       Spy][    INFO] The Trainer Central
2018-04-13 17:10:42,532 [    MainProcess][       Spy][    INFO] Pokémon Go Center
2018-04-13 17:10:42,586 [    MainProcess][       Spy][    INFO] ⭐ PokeXperience ⭐
2018-04-13 17:10:43,910 [    MainProcess][       Spy][    INFO] PoGo
2018-04-13 17:10:43,973 [    MainProcess][       Spy][    INFO] Sytharix - Pokemon Go
2018-04-13 17:10:44,129 [    MainProcess][       Spy][    INFO] 🌠Poké Go Club🌠
2018-04-13 17:10:44,324 [    MainProcess][       Spy][    INFO] PokeXen
2018-04-13 17:10:44,335 [    MainProcess][       Spy][    INFO] pokemon go explicit
2018-04-13 17:10:44,356 [    MainProcess][       Spy][    INFO] Catch 'Em All
2018-04-13 17:10:44,993 [    MainProcess][       Spy][    INFO] Global PoGo
2018-04-13 17:10:45,229 [    MainProcess][       Spy][    INFO] Go Raiders
2018-04-13 17:10:45,315 [    MainProcess][       Spy][    INFO] Pokémon Go✔
2018-04-13 17:10:46,522 [    MainProcess][    Server][    INFO] CounterSniper is getting ready
2018-04-13 17:10:50,841 [    MainProcess][    Server][    INFO] Geofence Bradfordville added.
2018-04-13 17:10:50,842 [    MainProcess][    Server][    INFO] Geofence Killearn added.
2018-04-13 17:10:50,842 [    MainProcess][    Server][    INFO] Geofence North Tallahassee added.
2018-04-13 17:10:50,842 [    MainProcess][    Server][    INFO] Geofence Northwest Tallahassee added.
2018-04-13 17:10:50,843 [    MainProcess][    Server][    INFO] Geofence Buck Lake added.
2018-04-13 17:10:50,844 [    MainProcess][    Server][    INFO] Geofence Southwood added.
2018-04-13 17:10:50,844 [    MainProcess][    Server][    INFO] Geofence Central Tallahassee added.
2018-04-13 17:10:50,845 [    MainProcess][    Server][    INFO] Geofence Betton Hills added.
2018-04-13 17:10:50,845 [    MainProcess][    Server][    INFO] Geofence Hartsfield added.
2018-04-13 17:10:50,846 [    MainProcess][    Server][    INFO] Geofence Lake Bradford added.
2018-04-13 17:10:50,846 [    MainProcess][    Server][    INFO] Geofence Governor's Square added.
2018-04-13 17:10:50,847 [    MainProcess][    Server][    INFO] Geofence West Tallahassee added.
2018-04-13 17:10:50,847 [    MainProcess][    Server][    INFO] Geofence South Tallahassee added!
2018-04-13 17:10:51,628 [    MainProcess][    Server][    INFO] Starting the Hammer bot
2018-04-13 17:10:51,870 [    MainProcess][    Server][    INFO] Starting the Spy bot
2018-04-13 17:10:56,367 [    MainProcess][    Hammer][    INFO] ----------- Hammer Bot is connected.
2018-04-13 17:11:10,424 [    MainProcess][       Spy][    INFO] ----------------------------------
2018-04-13 17:11:10,424 [    MainProcess][       Spy][    INFO] Connected! Ready to counter-snipe.
2018-04-13 17:11:10,424 [    MainProcess][       Spy][    INFO] User: Bob Lee Swagger#2626
2018-04-13 17:11:10,424 [    MainProcess][       Spy][    INFO] ID: 433821771360239617
2018-04-13 17:11:10,424 [    MainProcess][       Spy][    INFO] ----------------------------------
2018-04-13 17:11:10,424 [    MainProcess][       Spy][    INFO] PokeMurph Platinum
2018-04-13 17:11:10,448 [    MainProcess][       Spy][    INFO] PokéTrack
2018-04-13 17:11:10,771 [    MainProcess][       Spy][    INFO] Marketplace/ChargeBack/Fraud
2018-04-13 17:11:10,777 [    MainProcess][       Spy][    INFO] Hacking District - Your #1 source for all things video game cheating, hacking & botting.
2018-04-13 17:11:11,062 [    MainProcess][       Spy][    INFO] POGOCommunity
2018-04-13 17:11:11,075 [    MainProcess][       Spy][    INFO] PokéNoobs
2018-04-13 17:11:11,095 [    MainProcess][       Spy][    INFO] Pokedex100
2018-04-13 17:11:12,895 [    MainProcess][       Spy][    INFO] 💯IV Cʟʊɮ
2018-04-13 17:11:12,957 [    MainProcess][       Spy][    INFO] Global++ Tweaks
2018-04-13 17:11:15,097 [    MainProcess][       Spy][    INFO] Discord PokeSniper
2018-04-13 17:11:15,194 [    MainProcess][       Spy][    INFO] Pokopia
2018-04-13 17:11:15,304 [    MainProcess][       Spy][    INFO] PokeMobBot - a Pokémon Go Bot
2018-04-13 17:11:15,557 [    MainProcess][       Spy][    INFO] Articuno's Lair
2018-04-13 17:11:15,618 [    MainProcess][       Spy][    INFO] LoveGoIV100-Community
2018-04-13 17:11:15,666 [    MainProcess][       Spy][    INFO] NECROBOT2
2018-04-13 17:11:16,103 [    MainProcess][       Spy][    INFO] Pokesnipers
2018-04-13 17:11:19,398 [    MainProcess][       Spy][    INFO] PokeSnipers
2018-04-13 17:11:19,933 [    MainProcess][       Spy][    INFO] UnownBot
2018-04-13 17:11:20,300 [    MainProcess][       Spy][    INFO] PokeBot.Ninja
2018-04-13 17:11:21,084 [    MainProcess][       Spy][    INFO] RocketBot
2018-04-13 17:11:21,241 [    MainProcess][       Spy][    INFO] MrSnorlax Pokémon GO hub!!!
2018-04-13 17:11:21,245 [    MainProcess][       Spy][    INFO] PokeGO Marketplace
2018-04-13 17:11:21,272 [    MainProcess][       Spy][    INFO] PokeGoScout
2018-04-13 17:11:21,291 [    MainProcess][       Spy][    INFO] BPGM
2018-04-13 17:11:21,359 [    MainProcess][       Spy][    INFO] OuDaPoke.com
2018-04-13 17:11:21,500 [    MainProcess][       Spy][    INFO] PoGoMasters
2018-04-13 17:11:21,587 [    MainProcess][       Spy][    INFO] Account Manager
2018-04-13 17:11:21,607 [    MainProcess][       Spy][    INFO] UnownJay
2018-04-13 17:11:21,624 [    MainProcess][       Spy][    INFO] Hackemon
2018-04-13 17:11:21,778 [    MainProcess][       Spy][    INFO] The Trainer Central
2018-04-13 17:11:21,802 [    MainProcess][       Spy][    INFO] Pokémon Go Center
2018-04-13 17:11:21,855 [    MainProcess][       Spy][    INFO] ⭐ PokeXperience ⭐
2018-04-13 17:11:23,159 [    MainProcess][       Spy][    INFO] PoGo
2018-04-13 17:11:23,222 [    MainProcess][       Spy][    INFO] Sytharix - Pokemon Go
2018-04-13 17:11:23,377 [    MainProcess][       Spy][    INFO] 🌠Poké Go Club🌠
2018-04-13 17:11:23,572 [    MainProcess][       Spy][    INFO] PokeXen
2018-04-13 17:11:23,583 [    MainProcess][       Spy][    INFO] pokemon go explicit
2018-04-13 17:11:23,604 [    MainProcess][       Spy][    INFO] Catch 'Em All
2018-04-13 17:11:24,244 [    MainProcess][       Spy][    INFO] Global PoGo
2018-04-13 17:11:24,475 [    MainProcess][       Spy][    INFO] Go Raiders
2018-04-13 17:11:24,564 [    MainProcess][       Spy][    INFO] Pokémon Go✔
2018-04-13 17:11:25,214 [    MainProcess][       Spy][    INFO] Catchem PoGo Bot
2018-04-13 17:11:30,085 [    MainProcess][       Spy][    INFO] ----------- Spy bot finished setting up
2018-04-13 17:11:30,088 [    MainProcess][    Hammer][    INFO] Next punish check in 458.0 seconds
2018-04-13 17:11:30,088 [    MainProcess][    Hammer][    INFO] Finished punish check
2018-04-13 17:11:53,352 [    MainProcess][       Spy][    INFO] TallyPokeMap#7162
2018-04-13 17:11:53,364 [    MainProcess][       Spy][    INFO] amm15v#3531
2018-04-13 17:11:53,366 [    MainProcess][       Spy][    INFO] None
2018-04-13 17:19:08,697 [    MainProcess][    Hammer][    INFO] Finished punish check
2018-04-13 17:34:19,884 [    MainProcess][    Server][    INFO] CounterSniper is getting ready
2018-04-13 17:34:19,889 [    MainProcess][    Server][    INFO] Geofence Bradfordville added.
2018-04-13 17:34:19,890 [    MainProcess][    Server][    INFO] Geofence Killearn added.
2018-04-13 17:34:19,890 [    MainProcess][    Server][    INFO] Geofence North Tallahassee added.
2018-04-13 17:34:19,891 [    MainProcess][    Server][    INFO] Geofence Northwest Tallahassee added.
2018-04-13 17:34:19,891 [    MainProcess][    Server][    INFO] Geofence Buck Lake added.
2018-04-13 17:34:19,891 [    MainProcess][    Server][    INFO] Geofence Southwood added.
2018-04-13 17:34:19,892 [    MainProcess][    Server][    INFO] Geofence Central Tallahassee added.
2018-04-13 17:34:19,892 [    MainProcess][    Server][    INFO] Geofence Betton Hills added.
2018-04-13 17:34:19,892 [    MainProcess][    Server][    INFO] Geofence Hartsfield added.
2018-04-13 17:34:19,893 [    MainProcess][    Server][    INFO] Geofence Lake Bradford added.
2018-04-13 17:34:19,893 [    MainProcess][    Server][    INFO] Geofence Governor's Square added.
2018-04-13 17:34:19,893 [    MainProcess][    Server][    INFO] Geofence West Tallahassee added.
2018-04-13 17:34:19,894 [    MainProcess][    Server][    INFO] Geofence South Tallahassee added!
2018-04-13 17:34:20,496 [    MainProcess][    Server][    INFO] Starting the Hammer bot
2018-04-13 17:34:20,780 [    MainProcess][    Server][    INFO] Starting the Spy bot
2018-04-13 17:34:25,271 [    MainProcess][    Hammer][    INFO] ----------- Hammer Bot is connected.
2018-04-13 17:34:39,136 [    MainProcess][       Spy][    INFO] ----------------------------------
2018-04-13 17:34:39,137 [    MainProcess][       Spy][    INFO] Connected! Ready to counter-snipe.
2018-04-13 17:34:39,137 [    MainProcess][       Spy][    INFO] User: Bob Lee Swagger#2626
2018-04-13 17:34:39,137 [    MainProcess][       Spy][    INFO] ID: 433821771360239617
2018-04-13 17:34:39,137 [    MainProcess][       Spy][    INFO] ----------------------------------
2018-04-13 17:34:39,137 [    MainProcess][       Spy][    INFO] PokeMurph Platinum
2018-04-13 17:34:39,160 [    MainProcess][       Spy][    INFO] PokéTrack
2018-04-13 17:34:39,538 [    MainProcess][       Spy][    INFO] Marketplace/ChargeBack/Fraud
2018-04-13 17:34:39,544 [    MainProcess][       Spy][    INFO] Hacking District - Your #1 source for all things video game cheating, hacking & botting.
2018-04-13 17:34:39,843 [    MainProcess][       Spy][    INFO] POGOCommunity
2018-04-13 17:34:39,857 [    MainProcess][       Spy][    INFO] PokéNoobs
2018-04-13 17:34:39,877 [    MainProcess][       Spy][    INFO] Pokedex100
2018-04-13 17:34:41,858 [    MainProcess][       Spy][    INFO] 💯IV Cʟʊɮ
2018-04-13 17:34:41,916 [    MainProcess][       Spy][    INFO] Global++ Tweaks
2018-04-13 17:34:44,055 [    MainProcess][       Spy][    INFO] Discord PokeSniper
2018-04-13 17:34:44,148 [    MainProcess][       Spy][    INFO] Pokopia
2018-04-13 17:34:44,255 [    MainProcess][       Spy][    INFO] PokeMobBot - a Pokémon Go Bot
2018-04-13 17:34:44,498 [    MainProcess][       Spy][    INFO] Articuno's Lair
2018-04-13 17:34:44,558 [    MainProcess][       Spy][    INFO] LoveGoIV100-Community
2018-04-13 17:34:44,606 [    MainProcess][       Spy][    INFO] NECROBOT2
2018-04-13 17:34:45,042 [    MainProcess][       Spy][    INFO] Pokesnipers
2018-04-13 17:34:48,224 [    MainProcess][       Spy][    INFO] PokeSnipers
2018-04-13 17:34:48,733 [    MainProcess][       Spy][    INFO] UnownBot
2018-04-13 17:34:49,091 [    MainProcess][       Spy][    INFO] PokeBot.Ninja
2018-04-13 17:34:49,881 [    MainProcess][       Spy][    INFO] RocketBot
2018-04-13 17:34:50,036 [    MainProcess][       Spy][    INFO] MrSnorlax Pokémon GO hub!!!
2018-04-13 17:34:50,040 [    MainProcess][       Spy][    INFO] PokeGO Marketplace
2018-04-13 17:34:50,066 [    MainProcess][       Spy][    INFO] PokeGoScout
2018-04-13 17:34:50,085 [    MainProcess][       Spy][    INFO] BPGM
2018-04-13 17:34:50,155 [    MainProcess][       Spy][    INFO] OuDaPoke.com
2018-04-13 17:34:50,295 [    MainProcess][       Spy][    INFO] PoGoMasters
2018-04-13 17:34:50,379 [    MainProcess][       Spy][    INFO] Account Manager
2018-04-13 17:34:50,399 [    MainProcess][       Spy][    INFO] UnownJay
2018-04-13 17:34:50,417 [    MainProcess][       Spy][    INFO] Hackemon
2018-04-13 17:34:50,569 [    MainProcess][       Spy][    INFO] The Trainer Central
2018-04-13 17:34:50,595 [    MainProcess][       Spy][    INFO] Pokémon Go Center
2018-04-13 17:34:50,647 [    MainProcess][       Spy][    INFO] ⭐ PokeXperience ⭐
2018-04-13 17:34:51,938 [    MainProcess][       Spy][    INFO] PoGo
2018-04-13 17:34:52,001 [    MainProcess][       Spy][    INFO] Sytharix - Pokemon Go
2018-04-13 17:34:52,149 [    MainProcess][       Spy][    INFO] 🌠Poké Go Club🌠
2018-04-13 17:34:52,338 [    MainProcess][       Spy][    INFO] PokeXen
2018-04-13 17:34:52,349 [    MainProcess][       Spy][    INFO] pokemon go explicit
2018-04-13 17:34:52,371 [    MainProcess][       Spy][    INFO] Catch 'Em All
2018-04-13 17:34:52,987 [    MainProcess][       Spy][    INFO] Global PoGo
2018-04-13 17:34:53,215 [    MainProcess][       Spy][    INFO] Go Raiders
2018-04-13 17:34:53,298 [    MainProcess][       Spy][    INFO] Pokémon Go✔
2018-04-13 17:34:53,922 [    MainProcess][       Spy][    INFO] Catchem PoGo Bot
2018-04-13 17:34:59,012 [    MainProcess][       Spy][    INFO] TallyPokeMap#7162 has left the building.
2018-04-13 17:34:59,418 [    MainProcess][       Spy][    INFO] ----------- Spy bot finished setting up
2018-04-13 17:34:59,422 [    MainProcess][    Hammer][    INFO] Finished punish check
2018-04-13 17:35:01,385 [    MainProcess][       Spy][    INFO] TallyPokeMap#7162 is in a blacklisted server.
2018-04-13 17:35:01,655 [    MainProcess][    Hammer][    INFO] Next punish check in 900.0 seconds
2018-04-13 17:35:01,780 [    MainProcess][   asyncio][   ERROR] Task exception was never retrieved
future: <Task finished coro=<Hammer.webhook() done, defined at C:\Users\dneal\Google Drive\Dropbox\TallyPokeMap\CounterSniper\CounterSniper\Hammer.py:72> exception=Forbidden('FORBIDDEN (status code: 403): Cannot send messages to this user',)>
Traceback (most recent call last):
  File "C:\Users\dneal\Google Drive\Dropbox\TallyPokeMap\CounterSniper\CounterSniper\Hammer.py", line 124, in webhook
    await member.send(payload['content'])
  File "C:\Python36\lib\site-packages\discord\abc.py", line 764, in send
    data = yield from state.http.send_message(channel.id, content, tts=tts, embed=embed, nonce=nonce)
  File "C:\Python36\lib\site-packages\discord\http.py", line 212, in request
    raise Forbidden(r, data)
discord.errors.Forbidden: FORBIDDEN (status code: 403): Cannot send messages to this user
2018-04-13 17:35:57,992 [    MainProcess][    Server][    INFO] CounterSniper is getting ready
2018-04-13 17:35:57,997 [    MainProcess][    Server][    INFO] Geofence Bradfordville added.
2018-04-13 17:35:57,997 [    MainProcess][    Server][    INFO] Geofence Killearn added.
2018-04-13 17:35:57,998 [    MainProcess][    Server][    INFO] Geofence North Tallahassee added.
2018-04-13 17:35:57,998 [    MainProcess][    Server][    INFO] Geofence Northwest Tallahassee added.
2018-04-13 17:35:57,998 [    MainProcess][    Server][    INFO] Geofence Buck Lake added.
2018-04-13 17:35:57,999 [    MainProcess][    Server][    INFO] Geofence Southwood added.
2018-04-13 17:35:57,999 [    MainProcess][    Server][    INFO] Geofence Central Tallahassee added.
2018-04-13 17:35:57,999 [    MainProcess][    Server][    INFO] Geofence Betton Hills added.
2018-04-13 17:35:58,000 [    MainProcess][    Server][    INFO] Geofence Hartsfield added.
2018-04-13 17:35:58,000 [    MainProcess][    Server][    INFO] Geofence Lake Bradford added.
2018-04-13 17:35:58,000 [    MainProcess][    Server][    INFO] Geofence Governor's Square added.
2018-04-13 17:35:58,001 [    MainProcess][    Server][    INFO] Geofence West Tallahassee added.
2018-04-13 17:35:58,001 [    MainProcess][    Server][    INFO] Geofence South Tallahassee added!
2018-04-13 17:35:59,009 [    MainProcess][    Server][    INFO] Starting the Hammer bot
2018-04-13 17:35:59,270 [    MainProcess][    Server][    INFO] Starting the Spy bot
2018-04-13 17:36:04,052 [    MainProcess][    Hammer][    INFO] ----------- Hammer Bot is connected.
2018-04-13 17:36:18,160 [    MainProcess][       Spy][    INFO] ----------------------------------
2018-04-13 17:36:18,160 [    MainProcess][       Spy][    INFO] Connected! Ready to counter-snipe.
2018-04-13 17:36:18,160 [    MainProcess][       Spy][    INFO] User: Bob Lee Swagger#2626
2018-04-13 17:36:18,160 [    MainProcess][       Spy][    INFO] ID: 433821771360239617
2018-04-13 17:36:18,161 [    MainProcess][       Spy][    INFO] ----------------------------------
2018-04-13 17:36:18,161 [    MainProcess][       Spy][    INFO] PokeMurph Platinum
2018-04-13 17:36:18,184 [    MainProcess][       Spy][    INFO] PokéTrack
2018-04-13 17:36:18,400 [    MainProcess][       Spy][    INFO] Marketplace/ChargeBack/Fraud
2018-04-13 17:36:18,406 [    MainProcess][       Spy][    INFO] Hacking District - Your #1 source for all things video game cheating, hacking & botting.
2018-04-13 17:36:18,702 [    MainProcess][       Spy][    INFO] POGOCommunity
2018-04-13 17:36:18,716 [    MainProcess][       Spy][    INFO] PokéNoobs
2018-04-13 17:36:18,735 [    MainProcess][       Spy][    INFO] Pokedex100
2018-04-13 17:36:20,560 [    MainProcess][       Spy][    INFO] 💯IV Cʟʊɮ
2018-04-13 17:36:20,620 [    MainProcess][       Spy][    INFO] Global++ Tweaks
2018-04-13 17:36:22,860 [    MainProcess][       Spy][    INFO] Discord PokeSniper
2018-04-13 17:36:23,058 [    MainProcess][       Spy][    INFO] Pokopia
2018-04-13 17:36:23,176 [    MainProcess][       Spy][    INFO] PokeMobBot - a Pokémon Go Bot
2018-04-13 17:36:23,427 [    MainProcess][       Spy][    INFO] Articuno's Lair
2018-04-13 17:36:23,488 [    MainProcess][       Spy][    INFO] LoveGoIV100-Community
2018-04-13 17:36:23,537 [    MainProcess][       Spy][    INFO] NECROBOT2
2018-04-13 17:36:23,985 [    MainProcess][       Spy][    INFO] Pokesnipers
2018-04-13 17:36:27,457 [    MainProcess][       Spy][    INFO] PokeSnipers
2018-04-13 17:36:27,981 [    MainProcess][       Spy][    INFO] UnownBot
2018-04-13 17:36:28,339 [    MainProcess][       Spy][    INFO] PokeBot.Ninja
2018-04-13 17:36:29,134 [    MainProcess][       Spy][    INFO] RocketBot
2018-04-13 17:36:29,295 [    MainProcess][       Spy][    INFO] MrSnorlax Pokémon GO hub!!!
2018-04-13 17:36:29,299 [    MainProcess][       Spy][    INFO] PokeGO Marketplace
2018-04-13 17:36:29,326 [    MainProcess][       Spy][    INFO] PokeGoScout
2018-04-13 17:36:29,346 [    MainProcess][       Spy][    INFO] BPGM
2018-04-13 17:36:29,421 [    MainProcess][       Spy][    INFO] OuDaPoke.com
2018-04-13 17:36:29,570 [    MainProcess][       Spy][    INFO] PoGoMasters
2018-04-13 17:36:29,657 [    MainProcess][       Spy][    INFO] Account Manager
2018-04-13 17:36:29,677 [    MainProcess][       Spy][    INFO] UnownJay
2018-04-13 17:36:29,695 [    MainProcess][       Spy][    INFO] Hackemon
2018-04-13 17:36:29,892 [    MainProcess][       Spy][    INFO] The Trainer Central
2018-04-13 17:36:29,921 [    MainProcess][       Spy][    INFO] Pokémon Go Center
2018-04-13 17:36:29,983 [    MainProcess][       Spy][    INFO] ⭐ PokeXperience ⭐
2018-04-13 17:36:31,327 [    MainProcess][       Spy][    INFO] PoGo
2018-04-13 17:36:31,392 [    MainProcess][       Spy][    INFO] Sytharix - Pokemon Go
2018-04-13 17:36:31,552 [    MainProcess][       Spy][    INFO] 🌠Poké Go Club🌠
2018-04-13 17:36:31,750 [    MainProcess][       Spy][    INFO] PokeXen
2018-04-13 17:36:31,762 [    MainProcess][       Spy][    INFO] pokemon go explicit
2018-04-13 17:36:31,782 [    MainProcess][       Spy][    INFO] Catch 'Em All
2018-04-13 17:36:32,403 [    MainProcess][       Spy][    INFO] Global PoGo
2018-04-13 17:36:32,630 [    MainProcess][       Spy][    INFO] Go Raiders
2018-04-13 17:36:32,712 [    MainProcess][       Spy][    INFO] Pokémon Go✔
2018-04-13 17:36:33,336 [    MainProcess][       Spy][    INFO] Catchem PoGo Bot
2018-04-13 17:36:38,476 [    MainProcess][       Spy][    INFO] ----------- Spy bot finished setting up
2018-04-13 17:36:38,479 [    MainProcess][    Hammer][    INFO] Next punish check in 803.0 seconds
2018-04-13 17:36:38,479 [    MainProcess][    Hammer][    INFO] Finished punish check
2018-04-13 17:36:48,330 [    MainProcess][       Spy][    INFO] TallyPokeMap#7162 has left the building.
2018-04-13 17:38:39,564 [    MainProcess][       Spy][    INFO] TallyPokeMap#7162 is in a blacklisted server.
2018-04-13 17:38:39,727 [    MainProcess][   asyncio][   ERROR] Task exception was never retrieved
future: <Task finished coro=<Hammer.webhook() done, defined at C:\Users\dneal\Google Drive\Dropbox\TallyPokeMap\CounterSniper\CounterSniper\Hammer.py:72> exception=AttributeError("'NoneType' object has no attribute 'send'",)>
Traceback (most recent call last):
  File "C:\Users\dneal\Google Drive\Dropbox\TallyPokeMap\CounterSniper\CounterSniper\Hammer.py", line 124, in webhook
    await member.send(payload['content'])
AttributeError: 'NoneType' object has no attribute 'send'
2018-04-13 17:39:10,802 [    MainProcess][       Spy][    INFO] TallyPokeMap#7162 left Global++ Tweaks.
2018-04-13 17:39:25,225 [    MainProcess][       Spy][    INFO] TallyPokeMap#7162 joined Global++ Tweaks.
2018-04-13 17:40:22,083 [    MainProcess][    Server][    INFO] CounterSniper is getting ready
2018-04-13 17:40:22,087 [    MainProcess][    Server][    INFO] Geofence Bradfordville added.
2018-04-13 17:40:22,088 [    MainProcess][    Server][    INFO] Geofence Killearn added.
2018-04-13 17:40:22,088 [    MainProcess][    Server][    INFO] Geofence North Tallahassee added.
2018-04-13 17:40:22,088 [    MainProcess][    Server][    INFO] Geofence Northwest Tallahassee added.
2018-04-13 17:40:22,089 [    MainProcess][    Server][    INFO] Geofence Buck Lake added.
2018-04-13 17:40:22,089 [    MainProcess][    Server][    INFO] Geofence Southwood added.
2018-04-13 17:40:22,089 [    MainProcess][    Server][    INFO] Geofence Central Tallahassee added.
2018-04-13 17:40:22,090 [    MainProcess][    Server][    INFO] Geofence Betton Hills added.
2018-04-13 17:40:22,090 [    MainProcess][    Server][    INFO] Geofence Hartsfield added.
2018-04-13 17:40:22,090 [    MainProcess][    Server][    INFO] Geofence Lake Bradford added.
2018-04-13 17:40:22,091 [    MainProcess][    Server][    INFO] Geofence Governor's Square added.
2018-04-13 17:40:22,091 [    MainProcess][    Server][    INFO] Geofence West Tallahassee added.
2018-04-13 17:40:22,091 [    MainProcess][    Server][    INFO] Geofence South Tallahassee added!
2018-04-13 17:40:23,106 [    MainProcess][    Server][    INFO] Starting the Hammer bot
2018-04-13 17:40:23,412 [    MainProcess][    Server][    INFO] Starting the Spy bot
2018-04-13 17:40:28,080 [    MainProcess][    Hammer][    INFO] ----------- Hammer Bot is connected.
2018-04-13 17:40:42,002 [    MainProcess][       Spy][    INFO] ----------------------------------
2018-04-13 17:40:42,002 [    MainProcess][       Spy][    INFO] Connected! Ready to counter-snipe.
2018-04-13 17:40:42,002 [    MainProcess][       Spy][    INFO] User: Bob Lee Swagger#2626
2018-04-13 17:40:42,003 [    MainProcess][       Spy][    INFO] ID: 433821771360239617
2018-04-13 17:40:42,003 [    MainProcess][       Spy][    INFO] ----------------------------------
2018-04-13 17:40:42,003 [    MainProcess][       Spy][    INFO] PokeMurph Platinum
2018-04-13 17:40:42,182 [    MainProcess][       Spy][    INFO] PokéTrack
2018-04-13 17:40:42,458 [    MainProcess][       Spy][    INFO] Marketplace/ChargeBack/Fraud
2018-04-13 17:40:42,464 [    MainProcess][       Spy][    INFO] Hacking District - Your #1 source for all things video game cheating, hacking & botting.
2018-04-13 17:40:42,748 [    MainProcess][       Spy][    INFO] POGOCommunity
2018-04-13 17:40:42,761 [    MainProcess][       Spy][    INFO] PokéNoobs
2018-04-13 17:40:42,780 [    MainProcess][       Spy][    INFO] Pokedex100
2018-04-13 17:40:44,545 [    MainProcess][       Spy][    INFO] 💯IV Cʟʊɮ
2018-04-13 17:40:44,602 [    MainProcess][       Spy][    INFO] Global++ Tweaks
2018-04-13 17:40:47,162 [    MainProcess][       Spy][    INFO] Discord PokeSniper
2018-04-13 17:40:47,457 [    MainProcess][       Spy][    INFO] Pokopia
2018-04-13 17:40:47,567 [    MainProcess][       Spy][    INFO] PokeMobBot - a Pokémon Go Bot
2018-04-13 17:40:47,818 [    MainProcess][       Spy][    INFO] Articuno's Lair
2018-04-13 17:40:47,879 [    MainProcess][       Spy][    INFO] LoveGoIV100-Community
2018-04-13 17:40:47,926 [    MainProcess][       Spy][    INFO] NECROBOT2
2018-04-13 17:40:48,371 [    MainProcess][       Spy][    INFO] Pokesnipers
2018-04-13 17:40:52,511 [    MainProcess][       Spy][    INFO] PokeSnipers
2018-04-13 17:40:53,039 [    MainProcess][       Spy][    INFO] UnownBot
2018-04-13 17:40:53,507 [    MainProcess][       Spy][    INFO] PokeBot.Ninja
2018-04-13 17:40:54,309 [    MainProcess][       Spy][    INFO] RocketBot
2018-04-13 17:40:54,475 [    MainProcess][       Spy][    INFO] MrSnorlax Pokémon GO hub!!!
2018-04-13 17:40:54,480 [    MainProcess][       Spy][    INFO] PokeGO Marketplace
2018-04-13 17:40:54,506 [    MainProcess][       Spy][    INFO] PokeGoScout
2018-04-13 17:40:54,527 [    MainProcess][       Spy][    INFO] BPGM
2018-04-13 17:40:54,599 [    MainProcess][       Spy][    INFO] OuDaPoke.com
2018-04-13 17:40:54,744 [    MainProcess][       Spy][    INFO] PoGoMasters
2018-04-13 17:40:54,831 [    MainProcess][       Spy][    INFO] Account Manager
2018-04-13 17:40:54,852 [    MainProcess][       Spy][    INFO] UnownJay
2018-04-13 17:40:54,871 [    MainProcess][       Spy][    INFO] Hackemon
2018-04-13 17:40:55,030 [    MainProcess][       Spy][    INFO] The Trainer Central
2018-04-13 17:40:55,057 [    MainProcess][       Spy][    INFO] Pokémon Go Center
2018-04-13 17:40:55,111 [    MainProcess][       Spy][    INFO] ⭐ PokeXperience ⭐
2018-04-13 17:40:56,773 [    MainProcess][       Spy][    INFO] PoGo
2018-04-13 17:40:56,838 [    MainProcess][       Spy][    INFO] Sytharix - Pokemon Go
2018-04-13 17:40:56,996 [    MainProcess][       Spy][    INFO] 🌠Poké Go Club🌠
2018-04-13 17:40:57,200 [    MainProcess][       Spy][    INFO] PokeXen
2018-04-13 17:40:57,337 [    MainProcess][       Spy][    INFO] pokemon go explicit
2018-04-13 17:40:57,366 [    MainProcess][       Spy][    INFO] Catch 'Em All
2018-04-13 17:40:58,068 [    MainProcess][       Spy][    INFO] Global PoGo
2018-04-13 17:40:58,302 [    MainProcess][       Spy][    INFO] Go Raiders
2018-04-13 17:40:58,387 [    MainProcess][       Spy][    INFO] Pokémon Go✔
2018-04-13 17:40:59,030 [    MainProcess][       Spy][    INFO] Catchem PoGo Bot
2018-04-13 17:41:03,461 [    MainProcess][       Spy][    INFO] ----------- Spy bot finished setting up
2018-04-13 17:41:03,463 [    MainProcess][    Hammer][    INFO] Next punish check in 801.0 seconds
2018-04-13 17:41:03,463 [    MainProcess][    Hammer][    INFO] Finished punish check
2018-04-13 17:41:27,697 [    MainProcess][       Spy][    INFO] TallyPokeMap#7162 left Global++ Tweaks.
2018-04-13 17:41:28,243 [    MainProcess][   asyncio][   ERROR] Task exception was never retrieved
future: <Task finished coro=<Hammer.webhook() done, defined at C:\Users\dneal\Google Drive\Dropbox\TallyPokeMap\CounterSniper\CounterSniper\Hammer.py:72> exception=Forbidden('FORBIDDEN (status code: 403): Cannot send messages to this user',)>
Traceback (most recent call last):
  File "C:\Users\dneal\Google Drive\Dropbox\TallyPokeMap\CounterSniper\CounterSniper\Hammer.py", line 124, in webhook
    await member.send(payload['content'])
  File "C:\Python36\lib\site-packages\discord\abc.py", line 764, in send
    data = yield from state.http.send_message(channel.id, content, tts=tts, embed=embed, nonce=nonce)
  File "C:\Python36\lib\site-packages\discord\http.py", line 212, in request
    raise Forbidden(r, data)
discord.errors.Forbidden: FORBIDDEN (status code: 403): Cannot send messages to this user
2018-04-13 17:43:47,546 [    MainProcess][    Server][    INFO] CounterSniper is getting ready
2018-04-13 17:43:47,551 [    MainProcess][    Server][    INFO] Geofence Bradfordville added.
2018-04-13 17:43:47,552 [    MainProcess][    Server][    INFO] Geofence Killearn added.
2018-04-13 17:43:47,552 [    MainProcess][    Server][    INFO] Geofence North Tallahassee added.
2018-04-13 17:43:47,552 [    MainProcess][    Server][    INFO] Geofence Northwest Tallahassee added.
2018-04-13 17:43:47,553 [    MainProcess][    Server][    INFO] Geofence Buck Lake added.
2018-04-13 17:43:47,553 [    MainProcess][    Server][    INFO] Geofence Southwood added.
2018-04-13 17:43:47,553 [    MainProcess][    Server][    INFO] Geofence Central Tallahassee added.
2018-04-13 17:43:47,554 [    MainProcess][    Server][    INFO] Geofence Betton Hills added.
2018-04-13 17:43:47,554 [    MainProcess][    Server][    INFO] Geofence Hartsfield added.
2018-04-13 17:43:47,554 [    MainProcess][    Server][    INFO] Geofence Lake Bradford added.
2018-04-13 17:43:47,555 [    MainProcess][    Server][    INFO] Geofence Governor's Square added.
2018-04-13 17:43:47,555 [    MainProcess][    Server][    INFO] Geofence West Tallahassee added.
2018-04-13 17:43:47,555 [    MainProcess][    Server][    INFO] Geofence South Tallahassee added!
2018-04-13 17:43:48,375 [    MainProcess][    Server][    INFO] Starting the Hammer bot
2018-04-13 17:43:48,676 [    MainProcess][    Server][    INFO] Starting the Spy bot
2018-04-13 17:43:53,353 [    MainProcess][    Hammer][    INFO] ----------- Hammer Bot is connected.
2018-04-13 17:44:07,831 [    MainProcess][       Spy][    INFO] ----------------------------------
2018-04-13 17:44:07,831 [    MainProcess][       Spy][    INFO] Connected! Ready to counter-snipe.
2018-04-13 17:44:07,831 [    MainProcess][       Spy][    INFO] User: Bob Lee Swagger#2626
2018-04-13 17:44:07,831 [    MainProcess][       Spy][    INFO] ID: 433821771360239617
2018-04-13 17:44:07,831 [    MainProcess][       Spy][    INFO] ----------------------------------
2018-04-13 17:44:07,831 [    MainProcess][       Spy][    INFO] PokeMurph Platinum
2018-04-13 17:44:07,857 [    MainProcess][       Spy][    INFO] PokéTrack
2018-04-13 17:44:08,251 [    MainProcess][       Spy][    INFO] Marketplace/ChargeBack/Fraud
2018-04-13 17:44:08,258 [    MainProcess][       Spy][    INFO] Hacking District - Your #1 source for all things video game cheating, hacking & botting.
2018-04-13 17:44:08,552 [    MainProcess][       Spy][    INFO] POGOCommunity
2018-04-13 17:44:08,566 [    MainProcess][       Spy][    INFO] PokéNoobs
2018-04-13 17:44:08,586 [    MainProcess][       Spy][    INFO] Pokedex100
2018-04-13 17:44:10,413 [    MainProcess][       Spy][    INFO] 💯IV Cʟʊɮ
2018-04-13 17:44:10,473 [    MainProcess][       Spy][    INFO] Global++ Tweaks
2018-04-13 17:44:12,636 [    MainProcess][       Spy][    INFO] Discord PokeSniper
2018-04-13 17:44:12,733 [    MainProcess][       Spy][    INFO] Pokopia
2018-04-13 17:44:12,845 [    MainProcess][       Spy][    INFO] PokeMobBot - a Pokémon Go Bot
2018-04-13 17:44:13,100 [    MainProcess][       Spy][    INFO] Articuno's Lair
2018-04-13 17:44:13,160 [    MainProcess][       Spy][    INFO] LoveGoIV100-Community
2018-04-13 17:44:13,208 [    MainProcess][       Spy][    INFO] NECROBOT2
2018-04-13 17:44:13,659 [    MainProcess][       Spy][    INFO] Pokesnipers
2018-04-13 17:44:16,939 [    MainProcess][       Spy][    INFO] PokeSnipers
2018-04-13 17:44:17,474 [    MainProcess][       Spy][    INFO] UnownBot
2018-04-13 17:44:17,842 [    MainProcess][       Spy][    INFO] PokeBot.Ninja
2018-04-13 17:44:18,640 [    MainProcess][       Spy][    INFO] RocketBot
2018-04-13 17:44:18,800 [    MainProcess][       Spy][    INFO] MrSnorlax Pokémon GO hub!!!
2018-04-13 17:44:18,804 [    MainProcess][       Spy][    INFO] PokeGO Marketplace
2018-04-13 17:44:18,831 [    MainProcess][       Spy][    INFO] PokeGoScout
2018-04-13 17:44:18,850 [    MainProcess][       Spy][    INFO] BPGM
2018-04-13 17:44:18,921 [    MainProcess][       Spy][    INFO] OuDaPoke.com
2018-04-13 17:44:19,067 [    MainProcess][       Spy][    INFO] PoGoMasters
2018-04-13 17:44:19,193 [    MainProcess][       Spy][    INFO] Account Manager
2018-04-13 17:44:19,214 [    MainProcess][       Spy][    INFO] UnownJay
2018-04-13 17:44:19,232 [    MainProcess][       Spy][    INFO] Hackemon
2018-04-13 17:44:19,391 [    MainProcess][       Spy][    INFO] The Trainer Central
2018-04-13 17:44:19,416 [    MainProcess][       Spy][    INFO] Pokémon Go Center
2018-04-13 17:44:19,469 [    MainProcess][       Spy][    INFO] ⭐ PokeXperience ⭐
2018-04-13 17:44:20,789 [    MainProcess][       Spy][    INFO] PoGo
2018-04-13 17:44:20,852 [    MainProcess][       Spy][    INFO] Sytharix - Pokemon Go
2018-04-13 17:44:21,004 [    MainProcess][       Spy][    INFO] 🌠Poké Go Club🌠
2018-04-13 17:44:21,201 [    MainProcess][       Spy][    INFO] PokeXen
2018-04-13 17:44:21,213 [    MainProcess][       Spy][    INFO] pokemon go explicit
2018-04-13 17:44:21,236 [    MainProcess][       Spy][    INFO] Catch 'Em All
2018-04-13 17:44:21,867 [    MainProcess][       Spy][    INFO] Global PoGo
2018-04-13 17:44:22,099 [    MainProcess][       Spy][    INFO] Go Raiders
2018-04-13 17:44:22,182 [    MainProcess][       Spy][    INFO] Pokémon Go✔
2018-04-13 17:44:22,818 [    MainProcess][       Spy][    INFO] Catchem PoGo Bot
2018-04-13 17:44:27,935 [    MainProcess][       Spy][    INFO] ----------- Spy bot finished setting up
2018-04-13 17:44:27,940 [    MainProcess][    Hammer][    INFO] Finished punish check
2018-04-13 17:45:19,324 [    MainProcess][       Spy][    INFO] TallyPokeMap#7162 joined Global++ Tweaks.
2018-04-13 17:45:19,460 [    MainProcess][    Hammer][    INFO] Next punish check in 900.0 seconds
2018-04-13 17:45:19,573 [    MainProcess][    Hammer][    INFO] Unable to send warning message to TallyPokeMap#7162
2018-04-13 17:46:05,765 [    MainProcess][       Spy][    INFO] TallyPokeMap#7162 left Global++ Tweaks.
2018-04-13 17:46:06,091 [    MainProcess][    Hammer][    INFO] Sent all-clear msg to TallyPokeMap#7162
